
-------------------------------------------------------------------
run double running protection
[Downloader2] Loaded configuration: normal
[Downloader2] Files in queue 14
[Downloader2] Starting download 14 files...
[D#2] >  https://securerepository.net/update/downloads/libraries/javax/inject/javax.inject/1/javax.inject-1.jar 
[D#1] >  http://repo.tlauncher.org/update/downloads/libraries/com/google/inject/guice/4.1.0/guice-4.1.0.jar 
[D#2] >  https://securerepository.net/update/downloads/libraries/aopalliance/aopalliance/1.0/aopalliance-1.0.jar 
[D#2] >  https://securerepository.net/update/downloads/libraries/net/sf/jopt-simple/jopt-simple/4.9/jopt-simple-4.9.jar 
[D#2] >  http://repo.tlauncher.org/update/downloads/libraries/log4j/log4j/1.2.17/log4j-1.2.17.jar 
[D#1] >  http://advancedrepository.com/update/downloads/libraries/com/google/inject/extentions/guice-assistedinject/4.1.0/guice-assistedinject-4.1.0.jar 
[D#2] >  http://advancedrepository.com/update/downloads/libraries/org/tlauncher/tlauncher-resource/1.4/tlauncher-resource-1.4.jar 
[D#1] >  http://advancedrepository.com/update/downloads/libraries/com/google/guava/guava/19.0/guava-19.0.jar 
[D#1] >  http://repo.tlauncher.org/update/downloads/libraries/org/apache/commons/commons-lang3/3.4/commons-lang3-3.4.jar 
[D#2] >  http://advancedrepository.com/update/downloads/libraries/com/github/junrar/junrar/0.7/junrar-0.7.jar 
[D#2] >  https://securerepository.net/update/downloads/libraries/dnsjava/dnsjava/2.1.8/dnsjava-2.1.8.jar 
[D#1] >  http://repo.tlauncher.org/update/downloads/libraries/org/tukaani/xz/1.5/xz-1.5.jar 
[D#1] >  http://repo.tlauncher.org/update/downloads/libraries/org/tlauncher/picture-bundle/3.0/picture-bundle-3.0.jar 
[D#1] >  http://advancedrepository.com/update/downloads/libraries/org/tlauncher/skin-server-API/1.0/skin-server-API-1.0.jar 
[Bootstrapper] createLauncher
path C:\Program Files\Java\jre1.8.0_281
[Bootstrapper] choose jvm:C:\Program Files\Java\jre1.8.0_281\bin\javaw.exe
[Bootstrapper] validate files
[Bootstrapper] end validated files
[Bootstrapper] Starting launcher...
> Loading configuration from file: E:\Users\ersho\AppData\Roaming\.tlauncher\tlauncher-2.0.properties
> [Configuration] Constant values: {}
> [Loading] INITIALIZING
> Starting TLauncher 2.75 RELEASE
> For more information, visit https://tlauncher.org/
> Startup time: 23.02.2021 12:21:13
> ---
> run double running protection
> [Loading] LOADING_CONFIGURATION
> Machine info: -------------------------------------------------------
> Windows 10 10.0, Java 1.8.0_281, jvm bit x64, 16343 MB RAM
> java path=C:\Program Files\Java\jre1.8.0_281\bin\javaw.exe
> Intel(R) Core(TM) i5-7500 CPU @ 3.40GHz
>  NVIDIA GeForce GTX 1050 Ti, GeForce GTX 1050 Ti, 12189 MB, NVIDIA GeForce GTX 1050 Ti, GeForce GTX 1050 Ti, 12189 MB
> -------------------------------------------------------
> Selected locale: en_US
> [Loading] LOADING_CONSOLE
> [Downloader2] Loaded configuration: good
> [Updater] Requesting an update...
> [Updater] Requesting from: http://repo.tlauncher.org/update/lch/update_2.0.json
> [Updater] Making request: http://repo.tlauncher.org/update/lch/update_2.0.json?version=2.75&client=11ca9674-b09c-41e4-9d19-4fd9345f917d
> [Updater] Request time: 70 ms
> [Updater] Successfully requested from: http://repo.tlauncher.org/update/lch/update_2.0.json
> [Browser] Loading resources...
> [Browser] Loading background...
> [Browser] Cleaning up after loading:
> Starting garbage collector: 17 / 205 MB
> Garbage collector completed: 17 / 205 MB
> [Loading] LOADING_MANAGERS
> [LocalVersionList] Base directory: E:\Users\ersho\Desktop\MfCraft\paste here
> [ProfileManager] Refreshing profiles from: E:\Users\ersho\Desktop\MfCraft\paste here\TlauncherProfiles.json
> [AdvertisingStatusObserver]  started to get ad information
> [AdvertisingStatusObserver]  finished to get add information
> [GsonUtil]  request to http://repo.tlauncher.org/update/downloads/libraries/org/tlauncher/authlib/libraries-1.7.json
> [Loading] LOADING_WINDOW
> [Swing] Favicons loaded: 256px, 128px, 96px, 64px, 48px, 32px, 24px, 16px
> [Loading] PREPARING_MAINPANE
> [REPO][SERVER_LIST_REPO] Success: Reached the repo in 198 ms.
> [JFXStartPageLoader]  start load page: http://page.tlauncher.org/update/downloads/configs/client/eng.html
> [Browser] Running in JavaFX Thread
> [Browser] Preparing JavaFX...
> [Browser] Initializing...
> [Downloader2] Loaded configuration: good
> [JFXStartPageLoader]  succeeded load page: http://page.tlauncher.org/update/downloads/configs/client/eng.html during 0
> [Browser@1320341835] Loaded successfully: "http://page.tlauncher.org/update/downloads/configs/client/eng.html"
> [Browser] add listens into server_choose
> [Browser] finished listens into server_choose
> фев 23, 2021 12:21:16 PM com.sun.webkit.network.URLLoader doRun
> WARNING: Unexpected error
> java.net.ProtocolException: Cannot write output after reading input.
> 	at sun.net.www.protocol.http.HttpURLConnection.getOutputStream0(Unknown Source)
> 	at sun.net.www.protocol.http.HttpURLConnection.getOutputStream(Unknown Source)
> 	at com.sothawo.mapjfx.cache.CachingHttpURLConnection.getOutputStream(CachingHttpURLConnection.java:297)
> 	at com.sun.webkit.network.URLLoader.sendRequest(URLLoader.java:358)
> 	at com.sun.webkit.network.URLLoader.doRun(URLLoader.java:162)
> 	at com.sun.webkit.network.URLLoader.lambda$run$0(URLLoader.java:129)
> 	at java.security.AccessController.doPrivileged(Native Method)
> 	at com.sun.webkit.network.URLLoader.run(URLLoader.java:128)
> 	at java.util.concurrent.Executors$RunnableAdapter.call(Unknown Source)
> 	at java.util.concurrent.FutureTask.run(Unknown Source)
> 	at java.util.concurrent.ThreadPoolExecutor.runWorker(Unknown Source)
> 	at java.util.concurrent.ThreadPoolExecutor$Worker.run(Unknown Source)
> 	at java.lang.Thread.run(Unknown Source)
> 
> [Loading] POSTINIT_GUI
> [Frame] Packing main frame...
> [Frame] Resizing main pane...
> Updater is already closed. Showing up...
> Visibility set.
> [Loading] REFRESHING_INFO
> [REPO][EXTRA_VERSION_REPO] Attempt #1; timeout: 20000 ms; url: http://repo.tlauncher.org/update/downloads/versions/new3/
> [VersionManager] Refreshing versions remotely...
> Started! (4319 ms.)
> [Loading] SUCCESS
[Bootstrapper] I can be terminated now: 0
