
-------------------------------------------------------------------
run double running protection
[Downloader2] Loaded configuration: normal
[Bootstrapper] createLauncher
path C:\Program Files\Java\jre1.8.0_281
[Bootstrapper] choose jvm:C:\Program Files\Java\jre1.8.0_281\bin\javaw.exe
[Bootstrapper] validate files
[Bootstrapper] end validated files
[Bootstrapper] Starting launcher...
> Loading configuration from file: E:\Users\ersho\AppData\Roaming\.tlauncher\tlauncher-2.0.properties
> [Configuration] Constant values: {}
> [Loading] INITIALIZING
> Starting TLauncher 2.75 RELEASE
> For more information, visit https://tlauncher.org/
> Startup time: 21.02.2021 12:27:30
> ---
> run double running protection
> [Loading] LOADING_CONFIGURATION
> Machine info: -------------------------------------------------------
> Windows 10 10.0, Java 1.8.0_281, jvm bit x64, 16343 MB RAM
> java path=C:\Program Files\Java\jre1.8.0_281\bin\javaw.exe
> Intel(R) Core(TM) i5-7500 CPU @ 3.40GHz
>  NVIDIA GeForce GTX 1050 Ti, GeForce GTX 1050 Ti, 12189 MB, NVIDIA GeForce GTX 1050 Ti, GeForce GTX 1050 Ti, 12189 MB
> -------------------------------------------------------
> Selected locale: en_US
> [Loading] LOADING_CONSOLE
> [Downloader2] Loaded configuration: good
> [Updater] Requesting an update...
> [Updater] Requesting from: http://repo.tlauncher.org/update/lch/update_2.0.json
> [Updater] Making request: http://repo.tlauncher.org/update/lch/update_2.0.json?version=2.75&client=11ca9674-b09c-41e4-9d19-4fd9345f917d
> [Updater] Request time: 53 ms
> [Updater] Successfully requested from: http://repo.tlauncher.org/update/lch/update_2.0.json
> [Browser] Loading resources...
> [Browser] Loading background...
> [Browser] Cleaning up after loading:
> Starting garbage collector: 29 / 195 MB
> Garbage collector completed: 17 / 237 MB
> [Loading] LOADING_MANAGERS
> [LocalVersionList] Base directory: E:\programing\MinecraftLauncher2\minecraft
> [JFXStartPageLoader]  start load page: http://page.tlauncher.org/update/downloads/configs/client/eng.html
> [Browser] Running in JavaFX Thread
> [Browser] Preparing JavaFX...
> [ProfileManager] Refreshing profiles from: E:\programing\MinecraftLauncher2\minecraft\TlauncherProfiles.json
> [AdvertisingStatusObserver]  started to get ad information
> [AdvertisingStatusObserver]  finished to get add information
> [GsonUtil]  request to http://repo.tlauncher.org/update/downloads/libraries/org/tlauncher/authlib/libraries-1.7.json
> [Loading] LOADING_WINDOW
> [Browser] Initializing...
> [Swing] Favicons loaded: 256px, 128px, 96px, 64px, 48px, 32px, 24px, 16px
> [Loading] PREPARING_MAINPANE
> [REPO][SERVER_LIST_REPO] Success: Reached the repo in 178 ms.
> [Downloader2] Loaded configuration: good
> [JFXStartPageLoader]  succeeded load page: http://page.tlauncher.org/update/downloads/configs/client/eng.html during 0
> [Browser@607593172] Loaded successfully: "http://page.tlauncher.org/update/downloads/configs/client/eng.html"
> [Browser] add listens into server_choose
> [Browser] finished listens into server_choose
> фев 21, 2021 12:27:32 PM com.sun.webkit.network.URLLoader doRun
> WARNING: Unexpected error
> java.net.ProtocolException: Cannot write output after reading input.
> 	at sun.net.www.protocol.http.HttpURLConnection.getOutputStream0(Unknown Source)
> 	at sun.net.www.protocol.http.HttpURLConnection.getOutputStream(Unknown Source)
> 	at com.sothawo.mapjfx.cache.CachingHttpURLConnection.getOutputStream(CachingHttpURLConnection.java:297)
> 	at com.sun.webkit.network.URLLoader.sendRequest(URLLoader.java:358)
> 	at com.sun.webkit.network.URLLoader.doRun(URLLoader.java:162)
> 	at com.sun.webkit.network.URLLoader.lambda$run$0(URLLoader.java:129)
> 	at java.security.AccessController.doPrivileged(Native Method)
> 	at com.sun.webkit.network.URLLoader.run(URLLoader.java:128)
> 	at java.util.concurrent.Executors$RunnableAdapter.call(Unknown Source)
> 	at java.util.concurrent.FutureTask.run(Unknown Source)
> 	at java.util.concurrent.ThreadPoolExecutor.runWorker(Unknown Source)
> 	at java.util.concurrent.ThreadPoolExecutor$Worker.run(Unknown Source)
> 	at java.lang.Thread.run(Unknown Source)
> 
> [Loading] POSTINIT_GUI
> [Frame] Packing main frame...
> [Frame] Resizing main pane...
> Updater is already closed. Showing up...
> Visibility set.
> [Loading] REFRESHING_INFO
> [VersionManager] Refreshing versions remotely...
> Started! (2978 ms.)
> [Loading] SUCCESS
[Bootstrapper] I can be terminated now: 0
