[Loading] INITIALIZING
Starting TLauncher 2.75 RELEASE
For more information, visit https://tlauncher.org/
Startup time: 21.02.2021 11:43:43
---
run double running protection
[Loading] LOADING_CONFIGURATION
Machine info: -------------------------------------------------------
Windows 10 10.0, Java 1.8.0_281, jvm bit x64, 16343 MB RAM
java path=C:\Program Files\Java\jre1.8.0_281\bin\javaw.exe
Intel(R) Core(TM) i5-7500 CPU @ 3.40GHz
 NVIDIA GeForce GTX 1050 Ti, GeForce GTX 1050 Ti, 12189 MB, NVIDIA GeForce GTX 1050 Ti, GeForce GTX 1050 Ti, 12189 MB
-------------------------------------------------------
Selected locale: en_US
[Loading] LOADING_CONSOLE
[Downloader2] Loaded configuration: good
[Updater] Requesting an update...
[Updater] Requesting from: http://repo.tlauncher.org/update/lch/update_2.0.json
[Updater] Making request: http://repo.tlauncher.org/update/lch/update_2.0.json?version=2.75&client=11ca9674-b09c-41e4-9d19-4fd9345f917d
[Updater] Request time: 45 ms
[Updater] Successfully requested from: http://repo.tlauncher.org/update/lch/update_2.0.json
[Browser] Loading resources...
[Browser] Loading background...
[Browser] Cleaning up after loading:
Starting garbage collector: 30 / 192 MB
Garbage collector completed: 17 / 229 MB
[Loading] LOADING_MANAGERS
[LocalVersionList] Base directory: E:\programing\MinecraftLauncher2\minecraft
[JFXStartPageLoader]  start load page: http://page.tlauncher.org/update/downloads/configs/client/eng.html
[ProfileManager] Refreshing profiles from: E:\programing\MinecraftLauncher2\minecraft\TlauncherProfiles.json
[AdvertisingStatusObserver]  started to get ad information
[AdvertisingStatusObserver]  finished to get add information
[Loading] LOADING_WINDOW
[Browser] Running in JavaFX Thread
[Browser] Preparing JavaFX...
[GsonUtil]  request to http://repo.tlauncher.org/update/downloads/libraries/org/tlauncher/authlib/libraries-1.7.json
[Browser] Initializing...
[Swing] Favicons loaded: 256px, 128px, 96px, 64px, 48px, 32px, 24px, 16px
[Loading] PREPARING_MAINPANE
[REPO][SERVER_LIST_REPO] Success: Reached the repo in 173 ms.
[JFXStartPageLoader]  succeeded load page: http://page.tlauncher.org/update/downloads/configs/client/eng.html during 0
[Browser@711866414] Loaded successfully: "http://page.tlauncher.org/update/downloads/configs/client/eng.html"
[Browser] add listens into server_choose
[Browser] finished listens into server_choose
[Downloader2] Loaded configuration: good
[Loading] POSTINIT_GUI
[Frame] Packing main frame...
[Frame] Resizing main pane...
Updater is already closed. Showing up...
Visibility set.
[Loading] REFRESHING_INFO
Started! (2946 ms.)
[Loading] SUCCESS
[VersionManager] Refreshing versions remotely...
[REPO][EXTRA_VERSION_REPO] Attempt #1; timeout: 20000 ms; url: http://repo.tlauncher.org/update/downloads/versions/new3/
[TLauncher] show tlauncher!!!
[Double running] clear time label
[REPO][EXTRA_VERSION_REPO] Success: Reached the repo in 70 ms.
[REPO][EXTRA_VERSION_REPO] Attempt #1; timeout: 20000 ms; url: http://repo.tlauncher.org/update/downloads/versions/new3/
[REPO][SKIN_VERSION_REPO] Attempt #1; timeout: 20000 ms; url: http://repo.tlauncher.org/update/downloads/versions/new3/skin/versions/
[REPO][OFFICIAL_VERSION_REPO] Attempt #1; timeout: 20000 ms; url: https://launchermeta.mojang.com/mc/game/
[REPO][EXTRA_VERSION_REPO] Success: Reached the repo in 30 ms.
[ExtraVersionList] Got in 59 ms
[REPO][SKIN_VERSION_REPO] Success: Reached the repo in 63 ms.
[SkinVersionList] Got in 71 ms
[REPO][OFFICIAL_VERSION_REPO] Success: Reached the repo in 153 ms.
[OfficialVersionList] Got in 216 ms
[VersionManager] Versions has been refreshed (268 ms)
[Version:1.12.2-forge-14.23.5.2855] Resolving...
[Version:1.12.2-forge-14.23.5.2855] Inherits from 1.12.2
[Version:1.12.2-forge-14.23.5.2855] Resolving...
[Version:1.12.2-forge-14.23.5.2855] Inherits from 1.12.2
[Version:1.12.2-forge-14.23.5.2855] Resolving...
[Version:1.12.2-forge-14.23.5.2855] Inherits from 1.12.2
[REPO][ADD_HOT_SERVERS_REPO] Attempt #1; timeout: 20000 ms; url: http://repo.tlauncher.org/update/lch/additional_hot_servers-1.0.json
[REPO][HOT_SERVERS_REPO] Attempt #1; timeout: 20000 ms; url: http://repo.tlauncher.org/update/lch/servers/hot_servers-1.0.json
[REPO][ADD_HOT_SERVERS_REPO] Success: Reached the repo in 26 ms.
run server on  37842
[REPO][HOT_SERVERS_REPO] Success: Reached the repo in 36 ms.
[OS] Trying to open folder: E:\programing\MinecraftLauncher2\minecraft\
Good bye!
[TLauncherManager] before clearLibrary 
[TLauncherManager] written:  []
[TLauncherManager] after clearLibrary 
flush now
