[Loading] INITIALIZING
Starting TLauncher 2.75 RELEASE
For more information, visit https://tlauncher.org/
Startup time: 19.02.2021 11:32:01
---
run double running protection
[Loading] LOADING_CONFIGURATION
Machine info: -------------------------------------------------------
Windows 10 10.0, Java 1.8.0_281, jvm bit x64, 16343 MB RAM
java path=C:\Program Files\Java\jre1.8.0_281\bin\javaw.exe
Intel(R) Core(TM) i5-7500 CPU @ 3.40GHz
 NVIDIA GeForce GTX 1050 Ti, GeForce GTX 1050 Ti, 12189 MB, NVIDIA GeForce GTX 1050 Ti, GeForce GTX 1050 Ti, 12189 MB
-------------------------------------------------------
Selected locale: ru_RU
[Loading] LOADING_CONSOLE
[Downloader2] Loaded configuration: good
[Updater] Requesting an update...
[Updater] Requesting from: http://repo.tlauncher.org/update/lch/update_2.0.json
[Updater] Making request: http://repo.tlauncher.org/update/lch/update_2.0.json?version=2.75&client=11ca9674-b09c-41e4-9d19-4fd9345f917d
[Updater] Request time: 158 ms
[Updater] Successfully requested from: http://repo.tlauncher.org/update/lch/update_2.0.json
[Browser] Loading resources...
[Browser] Loading background...
[Browser] Cleaning up after loading:
Starting garbage collector: 23 / 194 MB
Garbage collector completed: 16 / 232 MB
[Loading] LOADING_MANAGERS
[LocalVersionList] Base directory: E:\Users\ersho\AppData\Roaming\.minecraft
[ProfileManager] Refreshing profiles from: E:\Users\ersho\AppData\Roaming\.minecraft\TlauncherProfiles.json
[AdvertisingStatusObserver]  started to get ad information
[AdvertisingStatusObserver]  finished to get add information
[GsonUtil]  request to http://repo.tlauncher.org/update/downloads/libraries/org/tlauncher/authlib/libraries-1.7.json
[Loading] LOADING_WINDOW
[Swing] Favicons loaded: 256px, 128px, 96px, 64px, 48px, 32px, 24px, 16px
[Loading] PREPARING_MAINPANE
[REPO][SERVER_LIST_REPO] Success: Reached the repo in 138 ms.
[JFXStartPageLoader]  start load page: http://page.tlauncher.org/update/downloads/configs/client/index.html
[Browser] Running in JavaFX Thread
[Browser] Preparing JavaFX...
[Browser] Initializing...
[Downloader2] Loaded configuration: good
[JFXStartPageLoader]  succeeded load page: http://page.tlauncher.org/update/downloads/configs/client/index.html during 0
[Browser@1952870341] Loaded successfully: "http://page.tlauncher.org/update/downloads/configs/client/index.html"
[Browser] add listens into server_choose
[Browser] finished listens into server_choose
[Loading] POSTINIT_GUI
[Frame] Packing main frame...
[Frame] Resizing main pane...
Updater is already closed. Showing up...
Visibility set.
[Loading] REFRESHING_INFO
[VersionManager] Refreshing versions remotely...
Started! (3678 ms.)
[Loading] SUCCESS
[REPO][EXTRA_VERSION_REPO] Attempt #1; timeout: 20000 ms; url: http://repo.tlauncher.org/update/downloads/versions/new3/
[TLauncher] show tlauncher!!!
[Double running] clear time label
[REPO][EXTRA_VERSION_REPO] Success: Reached the repo in 72 ms.
[REPO][OFFICIAL_VERSION_REPO] Attempt #1; timeout: 20000 ms; url: https://launchermeta.mojang.com/mc/game/
[REPO][EXTRA_VERSION_REPO] Attempt #1; timeout: 20000 ms; url: http://repo.tlauncher.org/update/downloads/versions/new3/
[REPO][SKIN_VERSION_REPO] Attempt #1; timeout: 20000 ms; url: http://repo.tlauncher.org/update/downloads/versions/new3/skin/versions/
[REPO][EXTRA_VERSION_REPO] Success: Reached the repo in 21 ms.
[REPO][SKIN_VERSION_REPO] Success: Reached the repo in 36 ms.
[SkinVersionList] Got in 69 ms
[ExtraVersionList] Got in 81 ms
[REPO][OFFICIAL_VERSION_REPO] Success: Reached the repo in 163 ms.
[OfficialVersionList] Got in 222 ms
[VersionManager] Versions has been refreshed (763 ms)
[Version:1.12.2-forge1.12.2-14.23.5.2847] Resolving...
[Version:1.12.2-forge1.12.2-14.23.5.2847] Inherits from 1.12.2
[Version:1.12.2-forge1.12.2-14.23.5.2847] Resolving...
[Version:1.12.2-forge1.12.2-14.23.5.2847] Inherits from 1.12.2
[Version:1.12.2-forge1.12.2-14.23.5.2847] Resolving...
[Version:1.12.2-forge1.12.2-14.23.5.2847] Inherits from 1.12.2
[REPO][ADD_HOT_SERVERS_REPO] Attempt #1; timeout: 20000 ms; url: http://repo.tlauncher.org/update/lch/additional_hot_servers-1.0.json
[REPO][HOT_SERVERS_REPO] Attempt #1; timeout: 20000 ms; url: http://repo.tlauncher.org/update/lch/servers/hot_servers-1.0.json
[REPO][ADD_HOT_SERVERS_REPO] Success: Reached the repo in 22 ms.
run server on  37842
[REPO][HOT_SERVERS_REPO] Success: Reached the repo in 41 ms.
Good bye!
[TLauncherManager] before clearLibrary 
[TLauncherManager] written:  []
[TLauncherManager] after clearLibrary 
flush now
