#
# There is insufficient memory for the Java Runtime Environment to continue.
# Native memory allocation (mmap) failed to map 234881024 bytes for Failed to commit area from 0x0000000780000000 to 0x000000078e000000 of length 234881024.
# Possible reasons:
#   The system is out of physical RAM or swap space
#   The process is running with CompressedOops enabled, and the Java Heap may be blocking the growth of the native heap
# Possible solutions:
#   Reduce memory load on the system
#   Increase physical memory or swap space
#   Check if swap backing store is full
#   Decrease Java heap size (-Xmx/-Xms)
#   Decrease number of Java threads
#   Decrease Java thread stack sizes (-Xss)
#   Set larger code cache with -XX:ReservedCodeCacheSize=
#   JVM is running with Zero Based Compressed Oops mode in which the Java heap is
#     placed in the first 32GB address space. The Java Heap base address is the
#     maximum limit for the native heap growth. Please use -XX:HeapBaseMinAddress
#     to set the Java Heap base and to place the Java Heap above 32GB virtual address.
# This output file may be truncated or incomplete.
#
#  Out of Memory Error (os_windows.cpp:3377), pid=12852, tid=0x00000000000016cc
#
# JRE version: Java(TM) SE Runtime Environment (8.0_281-b09) (build 1.8.0_281-b09)
# Java VM: Java HotSpot(TM) 64-Bit Server VM (25.281-b09 mixed mode windows-amd64 compressed oops)
# Failed to write core dump. Minidumps are not enabled by default on client versions of Windows
#

---------------  T H R E A D  ---------------

Current thread (0x0000023447569000):  VMThread [stack: 0x00000090d0900000,0x00000090d0a00000] [id=5836]

Stack: [0x00000090d0900000,0x00000090d0a00000]
Native frames: (J=compiled Java code, j=interpreted, Vv=VM code, C=native code)
V  [jvm.dll+0x32e5b9]
V  [jvm.dll+0x275012]
V  [jvm.dll+0x275cbd]
V  [jvm.dll+0x26c6f5]
V  [jvm.dll+0x292fde]
V  [jvm.dll+0x214895]
V  [jvm.dll+0x3b0017]
V  [jvm.dll+0x3afdf9]
V  [jvm.dll+0x3b16ef]
V  [jvm.dll+0x3baf7c]
V  [jvm.dll+0x3ba99d]
V  [jvm.dll+0x39fccc]
V  [jvm.dll+0x39d1d9]
V  [jvm.dll+0x3c0cef]
V  [jvm.dll+0x245447]
V  [jvm.dll+0x243bb5]
V  [jvm.dll+0x24432c]
V  [jvm.dll+0x24463c]
V  [jvm.dll+0x291cbc]
C  [ucrtbase.dll+0x21bb2]
C  [KERNEL32.DLL+0x17034]
C  [ntdll.dll+0x4d241]

VM_Operation (0x00000090cfdfbcb0): G1IncCollectionPause, mode: safepoint, requested by thread 0x000002340bf24000


---------------  P R O C E S S  ---------------

Java Threads: ( => current thread )
  0x00000234502a0000 JavaThread "ForkJoinPool.commonPool-worker-3" daemon [_thread_blocked, id=2864, stack(0x00000090d2200000,0x00000090d2300000)]
  0x000002345029c000 JavaThread "LWJGL Timer" daemon [_thread_blocked, id=11516, stack(0x00000090d1f00000,0x00000090d2000000)]
  0x000002345029d000 JavaThread "Thread-3" [_thread_blocked, id=4484, stack(0x00000090d1c00000,0x00000090d1d00000)]
  0x000002345029b800 JavaThread "Keep-Alive-Timer" daemon [_thread_blocked, id=2784, stack(0x00000090d1d00000,0x00000090d1e00000)]
  0x0000023449373800 JavaThread "Java2D Disposer" daemon [_thread_blocked, id=12384, stack(0x00000090d1600000,0x00000090d1700000)]
  0x0000023449370000 JavaThread "Timer hack thread" daemon [_thread_blocked, id=17336, stack(0x00000090d1500000,0x00000090d1600000)]
  0x000002344ab10000 JavaThread "Snooper Timer" daemon [_thread_blocked, id=4880, stack(0x00000090d1400000,0x00000090d1500000)]
  0x0000023449402800 JavaThread "Service Thread" daemon [_thread_blocked, id=12688, stack(0x00000090d1200000,0x00000090d1300000)]
  0x0000023449372000 JavaThread "C1 CompilerThread2" daemon [_thread_blocked, id=17256, stack(0x00000090d1100000,0x00000090d1200000)]
  0x000002344936d000 JavaThread "C2 CompilerThread1" daemon [_thread_blocked, id=16452, stack(0x00000090d1000000,0x00000090d1100000)]
  0x0000023449360800 JavaThread "C2 CompilerThread0" daemon [_thread_blocked, id=5452, stack(0x00000090d0f00000,0x00000090d1000000)]
  0x000002344935b800 JavaThread "Attach Listener" daemon [_thread_blocked, id=14036, stack(0x00000090d0e00000,0x00000090d0f00000)]
  0x000002344935a800 JavaThread "Signal Dispatcher" daemon [_thread_blocked, id=15140, stack(0x00000090d0d00000,0x00000090d0e00000)]
  0x0000023449357800 JavaThread "Surrogate Locker Thread (Concurrent GC)" daemon [_thread_blocked, id=15456, stack(0x00000090d0c00000,0x00000090d0d00000)]
  0x0000023447575000 JavaThread "Finalizer" daemon [_thread_blocked, id=5564, stack(0x00000090d0b00000,0x00000090d0c00000)]
  0x000002344756e000 JavaThread "Reference Handler" daemon [_thread_blocked, id=13724, stack(0x00000090d0a00000,0x00000090d0b00000)]
  0x000002340bf24000 JavaThread "Client thread" [_thread_blocked, id=13576, stack(0x00000090cfd00000,0x00000090cfe00000)]

Other Threads:
=>0x0000023447569000 VMThread [stack: 0x00000090d0900000,0x00000090d0a00000] [id=5836]
  0x0000023449560800 WatcherThread [stack: 0x00000090d1300000,0x00000090d1400000] [id=5456]

VM state:at safepoint (normal execution)

VM Mutex/Monitor currently owned by a thread:  ([mutex/lock_event])
[0x000002340bf202c0] Threads_lock - owner thread: 0x0000023447569000
[0x000002340bf21a40] Heap_lock - owner thread: 0x000002340bf24000

heap address: 0x00000003c0000000, size: 16384 MB, Compressed Oops mode: Zero based, Oop shift amount: 3
Narrow klass base: 0x0000000000000000, Narrow klass shift: 3
Compressed class space size: 1073741824 Address: 0x00000007c0000000

Heap:
 garbage-first heap   total 15958016K, used 589203K [0x00000003c0000000, 0x00000003c2000f38, 0x00000007c0000000)
  region size 32768K, 1 young (32768K), 1 survivors (32768K)
 Metaspace       used 61118K, capacity 61719K, committed 62336K, reserved 1101824K
  class space    used 8814K, capacity 9008K, committed 9088K, reserved 1048576K

Heap Regions: (Y=young(eden), SU=young(survivor), HS=humongous(starts), HC=humongous(continues), CS=collection set, F=free, TS=gc time stamp, PTAMS=previous top-at-mark-start, NTAMS=next top-at-mark-start)
AC   0  O    TS     0 PTAMS 0x00000003c1df3e00 NTAMS 0x00000003c1df3e00 space 32768K, 100% used [0x00000003c0000000, 0x00000003c2000000)
AC   0  O    TS     0 PTAMS 0x00000003c4000000 NTAMS 0x00000003c4000000 space 32768K, 100% used [0x00000003c2000000, 0x00000003c4000000)
AC   0  O    TS     0 PTAMS 0x00000003c6000000 NTAMS 0x00000003c6000000 space 32768K, 100% used [0x00000003c4000000, 0x00000003c6000000)
AC   0  O    TS     0 PTAMS 0x00000003c8000000 NTAMS 0x00000003c8000000 space 32768K, 100% used [0x00000003c6000000, 0x00000003c8000000)
AC   0 HS    TS     0 PTAMS 0x00000003c9000010 NTAMS 0x00000003c9000010 space 32768K,  50% used [0x00000003c8000000, 0x00000003ca000000)
AC   0  O    TS     1 PTAMS 0x00000003ca000000 NTAMS 0x00000003ca000000 space 32768K, 100% used [0x00000003ca000000, 0x00000003cc000000)
AC   0  O    TS     0 PTAMS 0x00000003ce000000 NTAMS 0x00000003ce000000 space 32768K, 100% used [0x00000003cc000000, 0x00000003ce000000)
AC   0  O    TS     0 PTAMS 0x00000003d0000000 NTAMS 0x00000003d0000000 space 32768K, 100% used [0x00000003ce000000, 0x00000003d0000000)
AC   0  O    TS     0 PTAMS 0x00000003d2000000 NTAMS 0x00000003d2000000 space 32768K, 100% used [0x00000003d0000000, 0x00000003d2000000)
AC   0  O    TS     0 PTAMS 0x00000003d4000000 NTAMS 0x00000003d4000000 space 32768K, 100% used [0x00000003d2000000, 0x00000003d4000000)
AC   0  O    TS     9 PTAMS 0x00000003d4000000 NTAMS 0x00000003d4000000 space 32768K, 100% used [0x00000003d4000000, 0x00000003d6000000)
AC   0  O    TS     3 PTAMS 0x00000003d6000000 NTAMS 0x00000003d6000000 space 32768K, 100% used [0x00000003d6000000, 0x00000003d8000000)
AC   0  O    TS    11 PTAMS 0x00000003d8000000 NTAMS 0x00000003d8000000 space 32768K, 100% used [0x00000003d8000000, 0x00000003da000000)
AC   0  O    TS    17 PTAMS 0x00000003da000000 NTAMS 0x00000003da000000 space 32768K, 100% used [0x00000003da000000, 0x00000003dc000000)
AC   0  O    TS    21 PTAMS 0x00000003dc000000 NTAMS 0x00000003dc000000 space 32768K, 100% used [0x00000003dc000000, 0x00000003de000000)
AC   0  O    TS     0 PTAMS 0x00000003e0000000 NTAMS 0x00000003e0000000 space 32768K, 100% used [0x00000003de000000, 0x00000003e0000000)
AC   0  O    TS    25 PTAMS 0x00000003e0000000 NTAMS 0x00000003e0000000 space 32768K, 100% used [0x00000003e0000000, 0x00000003e2000000)
AC   0  O    TS    27 PTAMS 0x00000003e2000000 NTAMS 0x00000003e2000000 space 32768K,  54% used [0x00000003e2000000, 0x00000003e4000000)
AC   0  F    TS     0 PTAMS 0x00000003e4000000 NTAMS 0x00000003e4000000 space 32768K,   0% used [0x00000003e4000000, 0x00000003e6000000)
AC   0  F    TS     0 PTAMS 0x00000003e6000000 NTAMS 0x00000003e6000000 space 32768K,   0% used [0x00000003e6000000, 0x00000003e8000000)
AC   0  F    TS     0 PTAMS 0x00000003e8000000 NTAMS 0x00000003e8000000 space 32768K,   0% used [0x00000003e8000000, 0x00000003ea000000)
AC   0  F    TS     0 PTAMS 0x00000003ea000000 NTAMS 0x00000003ea000000 space 32768K,   0% used [0x00000003ea000000, 0x00000003ec000000)
AC   0  F    TS     0 PTAMS 0x00000003ec000000 NTAMS 0x00000003ec000000 space 32768K,   0% used [0x00000003ec000000, 0x00000003ee000000)
AC   0  F    TS     0 PTAMS 0x00000003ee000000 NTAMS 0x00000003ee000000 space 32768K,   0% used [0x00000003ee000000, 0x00000003f0000000)
AC   0  F    TS     0 PTAMS 0x00000003f0000000 NTAMS 0x00000003f0000000 space 32768K,   0% used [0x00000003f0000000, 0x00000003f2000000)
AC   0  F    TS     0 PTAMS 0x00000003f2000000 NTAMS 0x00000003f2000000 space 32768K,   0% used [0x00000003f2000000, 0x00000003f4000000)
AC   0  F    TS     0 PTAMS 0x00000003f4000000 NTAMS 0x00000003f4000000 space 32768K,   0% used [0x00000003f4000000, 0x00000003f6000000)
AC   0  F    TS     0 PTAMS 0x00000003f6000000 NTAMS 0x00000003f6000000 space 32768K,   0% used [0x00000003f6000000, 0x00000003f8000000)
AC   0  F    TS     1 PTAMS 0x00000003f8000000 NTAMS 0x00000003f8000000 space 32768K,   0% used [0x00000003f8000000, 0x00000003fa000000)
AC   0  F    TS     0 PTAMS 0x00000003fa000000 NTAMS 0x00000003fa000000 space 32768K,   0% used [0x00000003fa000000, 0x00000003fc000000)
AC   0  F    TS     0 PTAMS 0x00000003fc000000 NTAMS 0x00000003fc000000 space 32768K,   0% used [0x00000003fc000000, 0x00000003fe000000)
AC   0  F    TS     0 PTAMS 0x00000003fe000000 NTAMS 0x00000003fe000000 space 32768K,   0% used [0x00000003fe000000, 0x0000000400000000)
AC   0  F    TS     1 PTAMS 0x0000000400000000 NTAMS 0x0000000400000000 space 32768K,   0% used [0x0000000400000000, 0x0000000402000000)
AC   0  F    TS     1 PTAMS 0x0000000402000000 NTAMS 0x0000000402000000 space 32768K,   0% used [0x0000000402000000, 0x0000000404000000)
AC   0  F    TS     1 PTAMS 0x0000000404000000 NTAMS 0x0000000404000000 space 32768K,   0% used [0x0000000404000000, 0x0000000406000000)
AC   0  F    TS     1 PTAMS 0x0000000406000000 NTAMS 0x0000000406000000 space 32768K,   0% used [0x0000000406000000, 0x0000000408000000)
AC   0  F    TS     1 PTAMS 0x0000000408000000 NTAMS 0x0000000408000000 space 32768K,   0% used [0x0000000408000000, 0x000000040a000000)
AC   0  F    TS     1 PTAMS 0x000000040a000000 NTAMS 0x000000040a000000 space 32768K,   0% used [0x000000040a000000, 0x000000040c000000)
AC   0  F    TS     1 PTAMS 0x000000040c000000 NTAMS 0x000000040c000000 space 32768K,   0% used [0x000000040c000000, 0x000000040e000000)
AC   0  F    TS     1 PTAMS 0x000000040e000000 NTAMS 0x000000040e000000 space 32768K,   0% used [0x000000040e000000, 0x0000000410000000)
AC   0  F    TS     1 PTAMS 0x0000000410000000 NTAMS 0x0000000410000000 space 32768K,   0% used [0x0000000410000000, 0x0000000412000000)
AC   0  F    TS     1 PTAMS 0x0000000412000000 NTAMS 0x0000000412000000 space 32768K,   0% used [0x0000000412000000, 0x0000000414000000)
AC   0  F    TS     1 PTAMS 0x0000000414000000 NTAMS 0x0000000414000000 space 32768K,   0% used [0x0000000414000000, 0x0000000416000000)
AC   0  F    TS     1 PTAMS 0x0000000416000000 NTAMS 0x0000000416000000 space 32768K,   0% used [0x0000000416000000, 0x0000000418000000)
AC   0  F    TS     1 PTAMS 0x0000000418000000 NTAMS 0x0000000418000000 space 32768K,   0% used [0x0000000418000000, 0x000000041a000000)
AC   0  F    TS     1 PTAMS 0x000000041a000000 NTAMS 0x000000041a000000 space 32768K,   0% used [0x000000041a000000, 0x000000041c000000)
AC   0  F    TS     1 PTAMS 0x000000041c000000 NTAMS 0x000000041c000000 space 32768K,   0% used [0x000000041c000000, 0x000000041e000000)
AC   0  F    TS     1 PTAMS 0x000000041e000000 NTAMS 0x000000041e000000 space 32768K,   0% used [0x000000041e000000, 0x0000000420000000)
AC   0  F    TS     1 PTAMS 0x0000000420000000 NTAMS 0x0000000420000000 space 32768K,   0% used [0x0000000420000000, 0x0000000422000000)
AC   0  F    TS     1 PTAMS 0x0000000422000000 NTAMS 0x0000000422000000 space 32768K,   0% used [0x0000000422000000, 0x0000000424000000)
AC   0  F    TS     1 PTAMS 0x0000000424000000 NTAMS 0x0000000424000000 space 32768K,   0% used [0x0000000424000000, 0x0000000426000000)
AC   0  F    TS     1 PTAMS 0x0000000426000000 NTAMS 0x0000000426000000 space 32768K,   0% used [0x0000000426000000, 0x0000000428000000)
AC   0  F    TS     1 PTAMS 0x0000000428000000 NTAMS 0x0000000428000000 space 32768K,   0% used [0x0000000428000000, 0x000000042a000000)
AC   0  F    TS     1 PTAMS 0x000000042a000000 NTAMS 0x000000042a000000 space 32768K,   0% used [0x000000042a000000, 0x000000042c000000)
AC   0  F    TS     1 PTAMS 0x000000042c000000 NTAMS 0x000000042c000000 space 32768K,   0% used [0x000000042c000000, 0x000000042e000000)
AC   0  F    TS     1 PTAMS 0x000000042e000000 NTAMS 0x000000042e000000 space 32768K,   0% used [0x000000042e000000, 0x0000000430000000)
AC   0  F    TS     1 PTAMS 0x0000000430000000 NTAMS 0x0000000430000000 space 32768K,   0% used [0x0000000430000000, 0x0000000432000000)
AC   0  F    TS     1 PTAMS 0x0000000432000000 NTAMS 0x0000000432000000 space 32768K,   0% used [0x0000000432000000, 0x0000000434000000)
AC   0  F    TS     1 PTAMS 0x0000000434000000 NTAMS 0x0000000434000000 space 32768K,   0% used [0x0000000434000000, 0x0000000436000000)
AC   0  F    TS     1 PTAMS 0x0000000436000000 NTAMS 0x0000000436000000 space 32768K,   0% used [0x0000000436000000, 0x0000000438000000)
AC   0  F    TS     3 PTAMS 0x0000000438000000 NTAMS 0x0000000438000000 space 32768K,   0% used [0x0000000438000000, 0x000000043a000000)
AC   0  F    TS     1 PTAMS 0x000000043a000000 NTAMS 0x000000043a000000 space 32768K,   0% used [0x000000043a000000, 0x000000043c000000)
AC   0  F    TS     1 PTAMS 0x000000043c000000 NTAMS 0x000000043c000000 space 32768K,   0% used [0x000000043c000000, 0x000000043e000000)
AC   0  F    TS     1 PTAMS 0x000000043e000000 NTAMS 0x000000043e000000 space 32768K,   0% used [0x000000043e000000, 0x0000000440000000)
AC   0  F    TS     3 PTAMS 0x0000000440000000 NTAMS 0x0000000440000000 space 32768K,   0% used [0x0000000440000000, 0x0000000442000000)
AC   0  F    TS     3 PTAMS 0x0000000442000000 NTAMS 0x0000000442000000 space 32768K,   0% used [0x0000000442000000, 0x0000000444000000)
AC   0  F    TS     3 PTAMS 0x0000000444000000 NTAMS 0x0000000444000000 space 32768K,   0% used [0x0000000444000000, 0x0000000446000000)
AC   0  F    TS     3 PTAMS 0x0000000446000000 NTAMS 0x0000000446000000 space 32768K,   0% used [0x0000000446000000, 0x0000000448000000)
AC   0  F    TS     3 PTAMS 0x0000000448000000 NTAMS 0x0000000448000000 space 32768K,   0% used [0x0000000448000000, 0x000000044a000000)
AC   0  F    TS     3 PTAMS 0x000000044a000000 NTAMS 0x000000044a000000 space 32768K,   0% used [0x000000044a000000, 0x000000044c000000)
AC   0  F    TS     3 PTAMS 0x000000044c000000 NTAMS 0x000000044c000000 space 32768K,   0% used [0x000000044c000000, 0x000000044e000000)
AC   0  F    TS     3 PTAMS 0x000000044e000000 NTAMS 0x000000044e000000 space 32768K,   0% used [0x000000044e000000, 0x0000000450000000)
AC   0  F    TS     3 PTAMS 0x0000000450000000 NTAMS 0x0000000450000000 space 32768K,   0% used [0x0000000450000000, 0x0000000452000000)
AC   0  F    TS     3 PTAMS 0x0000000452000000 NTAMS 0x0000000452000000 space 32768K,   0% used [0x0000000452000000, 0x0000000454000000)
AC   0  F    TS     3 PTAMS 0x0000000454000000 NTAMS 0x0000000454000000 space 32768K,   0% used [0x0000000454000000, 0x0000000456000000)
AC   0  F    TS     3 PTAMS 0x0000000456000000 NTAMS 0x0000000456000000 space 32768K,   0% used [0x0000000456000000, 0x0000000458000000)
AC   0  F    TS     3 PTAMS 0x0000000458000000 NTAMS 0x0000000458000000 space 32768K,   0% used [0x0000000458000000, 0x000000045a000000)
AC   0  F    TS     3 PTAMS 0x000000045a000000 NTAMS 0x000000045a000000 space 32768K,   0% used [0x000000045a000000, 0x000000045c000000)
AC   0  F    TS     3 PTAMS 0x000000045c000000 NTAMS 0x000000045c000000 space 32768K,   0% used [0x000000045c000000, 0x000000045e000000)
AC   0  F    TS     3 PTAMS 0x000000045e000000 NTAMS 0x000000045e000000 space 32768K,   0% used [0x000000045e000000, 0x0000000460000000)
AC   0  F    TS     3 PTAMS 0x0000000460000000 NTAMS 0x0000000460000000 space 32768K,   0% used [0x0000000460000000, 0x0000000462000000)
AC   0  F    TS     3 PTAMS 0x0000000462000000 NTAMS 0x0000000462000000 space 32768K,   0% used [0x0000000462000000, 0x0000000464000000)
AC   0  F    TS     3 PTAMS 0x0000000464000000 NTAMS 0x0000000464000000 space 32768K,   0% used [0x0000000464000000, 0x0000000466000000)
AC   0  F    TS     3 PTAMS 0x0000000466000000 NTAMS 0x0000000466000000 space 32768K,   0% used [0x0000000466000000, 0x0000000468000000)
AC   0  F    TS     3 PTAMS 0x0000000468000000 NTAMS 0x0000000468000000 space 32768K,   0% used [0x0000000468000000, 0x000000046a000000)
AC   0  F    TS     3 PTAMS 0x000000046a000000 NTAMS 0x000000046a000000 space 32768K,   0% used [0x000000046a000000, 0x000000046c000000)
AC   0  F    TS     3 PTAMS 0x000000046c000000 NTAMS 0x000000046c000000 space 32768K,   0% used [0x000000046c000000, 0x000000046e000000)
AC   0  F    TS     3 PTAMS 0x000000046e000000 NTAMS 0x000000046e000000 space 32768K,   0% used [0x000000046e000000, 0x0000000470000000)
AC   0  F    TS     3 PTAMS 0x0000000470000000 NTAMS 0x0000000470000000 space 32768K,   0% used [0x0000000470000000, 0x0000000472000000)
AC   0  F    TS     3 PTAMS 0x0000000472000000 NTAMS 0x0000000472000000 space 32768K,   0% used [0x0000000472000000, 0x0000000474000000)
AC   0  F    TS     3 PTAMS 0x0000000474000000 NTAMS 0x0000000474000000 space 32768K,   0% used [0x0000000474000000, 0x0000000476000000)
AC   0  F    TS     3 PTAMS 0x0000000476000000 NTAMS 0x0000000476000000 space 32768K,   0% used [0x0000000476000000, 0x0000000478000000)
AC   0  F    TS     3 PTAMS 0x0000000478000000 NTAMS 0x0000000478000000 space 32768K,   0% used [0x0000000478000000, 0x000000047a000000)
AC   0  F    TS     3 PTAMS 0x000000047a000000 NTAMS 0x000000047a000000 space 32768K,   0% used [0x000000047a000000, 0x000000047c000000)
AC   0  F    TS     3 PTAMS 0x000000047c000000 NTAMS 0x000000047c000000 space 32768K,   0% used [0x000000047c000000, 0x000000047e000000)
AC   0  F    TS     3 PTAMS 0x000000047e000000 NTAMS 0x000000047e000000 space 32768K,   0% used [0x000000047e000000, 0x0000000480000000)
AC   0  F    TS     3 PTAMS 0x0000000480000000 NTAMS 0x0000000480000000 space 32768K,   0% used [0x0000000480000000, 0x0000000482000000)
AC   0  F    TS     3 PTAMS 0x0000000482000000 NTAMS 0x0000000482000000 space 32768K,   0% used [0x0000000482000000, 0x0000000484000000)
AC   0  F    TS     3 PTAMS 0x0000000484000000 NTAMS 0x0000000484000000 space 32768K,   0% used [0x0000000484000000, 0x0000000486000000)
AC   0  F    TS     3 PTAMS 0x0000000486000000 NTAMS 0x0000000486000000 space 32768K,   0% used [0x0000000486000000, 0x0000000488000000)
AC   0  F    TS     3 PTAMS 0x0000000488000000 NTAMS 0x0000000488000000 space 32768K,   0% used [0x0000000488000000, 0x000000048a000000)
AC   0  F    TS     3 PTAMS 0x000000048a000000 NTAMS 0x000000048a000000 space 32768K,   0% used [0x000000048a000000, 0x000000048c000000)
AC   0  F    TS     3 PTAMS 0x000000048c000000 NTAMS 0x000000048c000000 space 32768K,   0% used [0x000000048c000000, 0x000000048e000000)
AC   0  F    TS     3 PTAMS 0x000000048e000000 NTAMS 0x000000048e000000 space 32768K,   0% used [0x000000048e000000, 0x0000000490000000)
AC   0  F    TS     3 PTAMS 0x0000000490000000 NTAMS 0x0000000490000000 space 32768K,   0% used [0x0000000490000000, 0x0000000492000000)
AC   0  F    TS     3 PTAMS 0x0000000492000000 NTAMS 0x0000000492000000 space 32768K,   0% used [0x0000000492000000, 0x0000000494000000)
AC   0  F    TS     3 PTAMS 0x0000000494000000 NTAMS 0x0000000494000000 space 32768K,   0% used [0x0000000494000000, 0x0000000496000000)
AC   0  F    TS     3 PTAMS 0x0000000496000000 NTAMS 0x0000000496000000 space 32768K,   0% used [0x0000000496000000, 0x0000000498000000)
AC   0  F    TS     3 PTAMS 0x0000000498000000 NTAMS 0x0000000498000000 space 32768K,   0% used [0x0000000498000000, 0x000000049a000000)
AC   0  F    TS     3 PTAMS 0x000000049a000000 NTAMS 0x000000049a000000 space 32768K,   0% used [0x000000049a000000, 0x000000049c000000)
AC   0  F    TS     3 PTAMS 0x000000049c000000 NTAMS 0x000000049c000000 space 32768K,   0% used [0x000000049c000000, 0x000000049e000000)
AC   0  F    TS     3 PTAMS 0x000000049e000000 NTAMS 0x000000049e000000 space 32768K,   0% used [0x000000049e000000, 0x00000004a0000000)
AC   0  F    TS     3 PTAMS 0x00000004a0000000 NTAMS 0x00000004a0000000 space 32768K,   0% used [0x00000004a0000000, 0x00000004a2000000)
AC   0  F    TS     3 PTAMS 0x00000004a2000000 NTAMS 0x00000004a2000000 space 32768K,   0% used [0x00000004a2000000, 0x00000004a4000000)
AC   0  F    TS     3 PTAMS 0x00000004a4000000 NTAMS 0x00000004a4000000 space 32768K,   0% used [0x00000004a4000000, 0x00000004a6000000)
AC   0  F    TS     3 PTAMS 0x00000004a6000000 NTAMS 0x00000004a6000000 space 32768K,   0% used [0x00000004a6000000, 0x00000004a8000000)
AC   0  F    TS     3 PTAMS 0x00000004a8000000 NTAMS 0x00000004a8000000 space 32768K,   0% used [0x00000004a8000000, 0x00000004aa000000)
AC   0  F    TS     3 PTAMS 0x00000004aa000000 NTAMS 0x00000004aa000000 space 32768K,   0% used [0x00000004aa000000, 0x00000004ac000000)
AC   0  F    TS     3 PTAMS 0x00000004ac000000 NTAMS 0x00000004ac000000 space 32768K,   0% used [0x00000004ac000000, 0x00000004ae000000)
AC   0  F    TS     3 PTAMS 0x00000004ae000000 NTAMS 0x00000004ae000000 space 32768K,   0% used [0x00000004ae000000, 0x00000004b0000000)
AC   0  F    TS     3 PTAMS 0x00000004b0000000 NTAMS 0x00000004b0000000 space 32768K,   0% used [0x00000004b0000000, 0x00000004b2000000)
AC   0  F    TS     3 PTAMS 0x00000004b2000000 NTAMS 0x00000004b2000000 space 32768K,   0% used [0x00000004b2000000, 0x00000004b4000000)
AC   0  F    TS     3 PTAMS 0x00000004b4000000 NTAMS 0x00000004b4000000 space 32768K,   0% used [0x00000004b4000000, 0x00000004b6000000)
AC   0  F    TS     3 PTAMS 0x00000004b6000000 NTAMS 0x00000004b6000000 space 32768K,   0% used [0x00000004b6000000, 0x00000004b8000000)
AC   0  F    TS     5 PTAMS 0x00000004b8000000 NTAMS 0x00000004b8000000 space 32768K,   0% used [0x00000004b8000000, 0x00000004ba000000)
AC   0  F    TS     3 PTAMS 0x00000004ba000000 NTAMS 0x00000004ba000000 space 32768K,   0% used [0x00000004ba000000, 0x00000004bc000000)
AC   0  F    TS     3 PTAMS 0x00000004bc000000 NTAMS 0x00000004bc000000 space 32768K,   0% used [0x00000004bc000000, 0x00000004be000000)
AC   0  F    TS     3 PTAMS 0x00000004be000000 NTAMS 0x00000004be000000 space 32768K,   0% used [0x00000004be000000, 0x00000004c0000000)
AC   0  F    TS     5 PTAMS 0x00000004c0000000 NTAMS 0x00000004c0000000 space 32768K,   0% used [0x00000004c0000000, 0x00000004c2000000)
AC   0  F    TS     5 PTAMS 0x00000004c2000000 NTAMS 0x00000004c2000000 space 32768K,   0% used [0x00000004c2000000, 0x00000004c4000000)
AC   0  F    TS     5 PTAMS 0x00000004c4000000 NTAMS 0x00000004c4000000 space 32768K,   0% used [0x00000004c4000000, 0x00000004c6000000)
AC   0  F    TS     5 PTAMS 0x00000004c6000000 NTAMS 0x00000004c6000000 space 32768K,   0% used [0x00000004c6000000, 0x00000004c8000000)
AC   0  F    TS     5 PTAMS 0x00000004c8000000 NTAMS 0x00000004c8000000 space 32768K,   0% used [0x00000004c8000000, 0x00000004ca000000)
AC   0  F    TS     5 PTAMS 0x00000004ca000000 NTAMS 0x00000004ca000000 space 32768K,   0% used [0x00000004ca000000, 0x00000004cc000000)
AC   0  F    TS     5 PTAMS 0x00000004cc000000 NTAMS 0x00000004cc000000 space 32768K,   0% used [0x00000004cc000000, 0x00000004ce000000)
AC   0  F    TS     5 PTAMS 0x00000004ce000000 NTAMS 0x00000004ce000000 space 32768K,   0% used [0x00000004ce000000, 0x00000004d0000000)
AC   0  F    TS     5 PTAMS 0x00000004d0000000 NTAMS 0x00000004d0000000 space 32768K,   0% used [0x00000004d0000000, 0x00000004d2000000)
AC   0  F    TS     5 PTAMS 0x00000004d2000000 NTAMS 0x00000004d2000000 space 32768K,   0% used [0x00000004d2000000, 0x00000004d4000000)
AC   0  F    TS     5 PTAMS 0x00000004d4000000 NTAMS 0x00000004d4000000 space 32768K,   0% used [0x00000004d4000000, 0x00000004d6000000)
AC   0  F    TS     5 PTAMS 0x00000004d6000000 NTAMS 0x00000004d6000000 space 32768K,   0% used [0x00000004d6000000, 0x00000004d8000000)
AC   0  F    TS     5 PTAMS 0x00000004d8000000 NTAMS 0x00000004d8000000 space 32768K,   0% used [0x00000004d8000000, 0x00000004da000000)
AC   0  F    TS     5 PTAMS 0x00000004da000000 NTAMS 0x00000004da000000 space 32768K,   0% used [0x00000004da000000, 0x00000004dc000000)
AC   0  F    TS     5 PTAMS 0x00000004dc000000 NTAMS 0x00000004dc000000 space 32768K,   0% used [0x00000004dc000000, 0x00000004de000000)
AC   0  F    TS     5 PTAMS 0x00000004de000000 NTAMS 0x00000004de000000 space 32768K,   0% used [0x00000004de000000, 0x00000004e0000000)
AC   0  F    TS     5 PTAMS 0x00000004e0000000 NTAMS 0x00000004e0000000 space 32768K,   0% used [0x00000004e0000000, 0x00000004e2000000)
AC   0  F    TS     5 PTAMS 0x00000004e2000000 NTAMS 0x00000004e2000000 space 32768K,   0% used [0x00000004e2000000, 0x00000004e4000000)
AC   0  F    TS     5 PTAMS 0x00000004e4000000 NTAMS 0x00000004e4000000 space 32768K,   0% used [0x00000004e4000000, 0x00000004e6000000)
AC   0  F    TS     5 PTAMS 0x00000004e6000000 NTAMS 0x00000004e6000000 space 32768K,   0% used [0x00000004e6000000, 0x00000004e8000000)
AC   0  F    TS     5 PTAMS 0x00000004e8000000 NTAMS 0x00000004e8000000 space 32768K,   0% used [0x00000004e8000000, 0x00000004ea000000)
AC   0  F    TS     5 PTAMS 0x00000004ea000000 NTAMS 0x00000004ea000000 space 32768K,   0% used [0x00000004ea000000, 0x00000004ec000000)
AC   0  F    TS     5 PTAMS 0x00000004ec000000 NTAMS 0x00000004ec000000 space 32768K,   0% used [0x00000004ec000000, 0x00000004ee000000)
AC   0  F    TS     5 PTAMS 0x00000004ee000000 NTAMS 0x00000004ee000000 space 32768K,   0% used [0x00000004ee000000, 0x00000004f0000000)
AC   0  F    TS     5 PTAMS 0x00000004f0000000 NTAMS 0x00000004f0000000 space 32768K,   0% used [0x00000004f0000000, 0x00000004f2000000)
AC   0  F    TS     5 PTAMS 0x00000004f2000000 NTAMS 0x00000004f2000000 space 32768K,   0% used [0x00000004f2000000, 0x00000004f4000000)
AC   0  F    TS     5 PTAMS 0x00000004f4000000 NTAMS 0x00000004f4000000 space 32768K,   0% used [0x00000004f4000000, 0x00000004f6000000)
AC   0  F    TS     5 PTAMS 0x00000004f6000000 NTAMS 0x00000004f6000000 space 32768K,   0% used [0x00000004f6000000, 0x00000004f8000000)
AC   0  F    TS     5 PTAMS 0x00000004f8000000 NTAMS 0x00000004f8000000 space 32768K,   0% used [0x00000004f8000000, 0x00000004fa000000)
AC   0  F    TS     5 PTAMS 0x00000004fa000000 NTAMS 0x00000004fa000000 space 32768K,   0% used [0x00000004fa000000, 0x00000004fc000000)
AC   0  F    TS     5 PTAMS 0x00000004fc000000 NTAMS 0x00000004fc000000 space 32768K,   0% used [0x00000004fc000000, 0x00000004fe000000)
AC   0  F    TS     5 PTAMS 0x00000004fe000000 NTAMS 0x00000004fe000000 space 32768K,   0% used [0x00000004fe000000, 0x0000000500000000)
AC   0  F    TS     5 PTAMS 0x0000000500000000 NTAMS 0x0000000500000000 space 32768K,   0% used [0x0000000500000000, 0x0000000502000000)
AC   0  F    TS     5 PTAMS 0x0000000502000000 NTAMS 0x0000000502000000 space 32768K,   0% used [0x0000000502000000, 0x0000000504000000)
AC   0  F    TS     5 PTAMS 0x0000000504000000 NTAMS 0x0000000504000000 space 32768K,   0% used [0x0000000504000000, 0x0000000506000000)
AC   0  F    TS     5 PTAMS 0x0000000506000000 NTAMS 0x0000000506000000 space 32768K,   0% used [0x0000000506000000, 0x0000000508000000)
AC   0  F    TS     5 PTAMS 0x0000000508000000 NTAMS 0x0000000508000000 space 32768K,   0% used [0x0000000508000000, 0x000000050a000000)
AC   0  F    TS     5 PTAMS 0x000000050a000000 NTAMS 0x000000050a000000 space 32768K,   0% used [0x000000050a000000, 0x000000050c000000)
AC   0  F    TS     5 PTAMS 0x000000050c000000 NTAMS 0x000000050c000000 space 32768K,   0% used [0x000000050c000000, 0x000000050e000000)
AC   0  F    TS     5 PTAMS 0x000000050e000000 NTAMS 0x000000050e000000 space 32768K,   0% used [0x000000050e000000, 0x0000000510000000)
AC   0  F    TS     5 PTAMS 0x0000000510000000 NTAMS 0x0000000510000000 space 32768K,   0% used [0x0000000510000000, 0x0000000512000000)
AC   0  F    TS     5 PTAMS 0x0000000512000000 NTAMS 0x0000000512000000 space 32768K,   0% used [0x0000000512000000, 0x0000000514000000)
AC   0  F    TS     5 PTAMS 0x0000000514000000 NTAMS 0x0000000514000000 space 32768K,   0% used [0x0000000514000000, 0x0000000516000000)
AC   0  F    TS     5 PTAMS 0x0000000516000000 NTAMS 0x0000000516000000 space 32768K,   0% used [0x0000000516000000, 0x0000000518000000)
AC   0  F    TS     5 PTAMS 0x0000000518000000 NTAMS 0x0000000518000000 space 32768K,   0% used [0x0000000518000000, 0x000000051a000000)
AC   0  F    TS     5 PTAMS 0x000000051a000000 NTAMS 0x000000051a000000 space 32768K,   0% used [0x000000051a000000, 0x000000051c000000)
AC   0  F    TS     5 PTAMS 0x000000051c000000 NTAMS 0x000000051c000000 space 32768K,   0% used [0x000000051c000000, 0x000000051e000000)
AC   0  F    TS     5 PTAMS 0x000000051e000000 NTAMS 0x000000051e000000 space 32768K,   0% used [0x000000051e000000, 0x0000000520000000)
AC   0  F    TS     5 PTAMS 0x0000000520000000 NTAMS 0x0000000520000000 space 32768K,   0% used [0x0000000520000000, 0x0000000522000000)
AC   0  F    TS     5 PTAMS 0x0000000522000000 NTAMS 0x0000000522000000 space 32768K,   0% used [0x0000000522000000, 0x0000000524000000)
AC   0  F    TS     5 PTAMS 0x0000000524000000 NTAMS 0x0000000524000000 space 32768K,   0% used [0x0000000524000000, 0x0000000526000000)
AC   0  F    TS     5 PTAMS 0x0000000526000000 NTAMS 0x0000000526000000 space 32768K,   0% used [0x0000000526000000, 0x0000000528000000)
AC   0  F    TS     5 PTAMS 0x0000000528000000 NTAMS 0x0000000528000000 space 32768K,   0% used [0x0000000528000000, 0x000000052a000000)
AC   0  F    TS     5 PTAMS 0x000000052a000000 NTAMS 0x000000052a000000 space 32768K,   0% used [0x000000052a000000, 0x000000052c000000)
AC   0  F    TS     5 PTAMS 0x000000052c000000 NTAMS 0x000000052c000000 space 32768K,   0% used [0x000000052c000000, 0x000000052e000000)
AC   0  F    TS     5 PTAMS 0x000000052e000000 NTAMS 0x000000052e000000 space 32768K,   0% used [0x000000052e000000, 0x0000000530000000)
AC   0  F    TS     5 PTAMS 0x0000000530000000 NTAMS 0x0000000530000000 space 32768K,   0% used [0x0000000530000000, 0x0000000532000000)
AC   0  F    TS     5 PTAMS 0x0000000532000000 NTAMS 0x0000000532000000 space 32768K,   0% used [0x0000000532000000, 0x0000000534000000)
AC   0  F    TS     5 PTAMS 0x0000000534000000 NTAMS 0x0000000534000000 space 32768K,   0% used [0x0000000534000000, 0x0000000536000000)
AC   0  F    TS     5 PTAMS 0x0000000536000000 NTAMS 0x0000000536000000 space 32768K,   0% used [0x0000000536000000, 0x0000000538000000)
AC   0  F    TS     5 PTAMS 0x0000000538000000 NTAMS 0x0000000538000000 space 32768K,   0% used [0x0000000538000000, 0x000000053a000000)
AC   0  F    TS     5 PTAMS 0x000000053a000000 NTAMS 0x000000053a000000 space 32768K,   0% used [0x000000053a000000, 0x000000053c000000)
AC   0  F    TS     5 PTAMS 0x000000053c000000 NTAMS 0x000000053c000000 space 32768K,   0% used [0x000000053c000000, 0x000000053e000000)
AC   0  F    TS     5 PTAMS 0x000000053e000000 NTAMS 0x000000053e000000 space 32768K,   0% used [0x000000053e000000, 0x0000000540000000)
AC   0  F    TS     5 PTAMS 0x0000000540000000 NTAMS 0x0000000540000000 space 32768K,   0% used [0x0000000540000000, 0x0000000542000000)
AC   0  F    TS     5 PTAMS 0x0000000542000000 NTAMS 0x0000000542000000 space 32768K,   0% used [0x0000000542000000, 0x0000000544000000)
AC   0  F    TS     5 PTAMS 0x0000000544000000 NTAMS 0x0000000544000000 space 32768K,   0% used [0x0000000544000000, 0x0000000546000000)
AC   0  F    TS     5 PTAMS 0x0000000546000000 NTAMS 0x0000000546000000 space 32768K,   0% used [0x0000000546000000, 0x0000000548000000)
AC   0  F    TS     5 PTAMS 0x0000000548000000 NTAMS 0x0000000548000000 space 32768K,   0% used [0x0000000548000000, 0x000000054a000000)
AC   0  F    TS     5 PTAMS 0x000000054a000000 NTAMS 0x000000054a000000 space 32768K,   0% used [0x000000054a000000, 0x000000054c000000)
AC   0  F    TS     5 PTAMS 0x000000054c000000 NTAMS 0x000000054c000000 space 32768K,   0% used [0x000000054c000000, 0x000000054e000000)
AC   0  F    TS     5 PTAMS 0x000000054e000000 NTAMS 0x000000054e000000 space 32768K,   0% used [0x000000054e000000, 0x0000000550000000)
AC   0  F    TS     5 PTAMS 0x0000000550000000 NTAMS 0x0000000550000000 space 32768K,   0% used [0x0000000550000000, 0x0000000552000000)
AC   0  F    TS     7 PTAMS 0x0000000552000000 NTAMS 0x0000000552000000 space 32768K,   0% used [0x0000000552000000, 0x0000000554000000)
AC   0  F    TS     5 PTAMS 0x0000000554000000 NTAMS 0x0000000554000000 space 32768K,   0% used [0x0000000554000000, 0x0000000556000000)
AC   0  F    TS     5 PTAMS 0x0000000556000000 NTAMS 0x0000000556000000 space 32768K,   0% used [0x0000000556000000, 0x0000000558000000)
AC   0  F    TS     5 PTAMS 0x0000000558000000 NTAMS 0x0000000558000000 space 32768K,   0% used [0x0000000558000000, 0x000000055a000000)
AC   0  F    TS     7 PTAMS 0x000000055a000000 NTAMS 0x000000055a000000 space 32768K,   0% used [0x000000055a000000, 0x000000055c000000)
AC   0  F    TS     7 PTAMS 0x000000055c000000 NTAMS 0x000000055c000000 space 32768K,   0% used [0x000000055c000000, 0x000000055e000000)
AC   0  F    TS     7 PTAMS 0x000000055e000000 NTAMS 0x000000055e000000 space 32768K,   0% used [0x000000055e000000, 0x0000000560000000)
AC   0  F    TS     7 PTAMS 0x0000000560000000 NTAMS 0x0000000560000000 space 32768K,   0% used [0x0000000560000000, 0x0000000562000000)
AC   0  F    TS     7 PTAMS 0x0000000562000000 NTAMS 0x0000000562000000 space 32768K,   0% used [0x0000000562000000, 0x0000000564000000)
AC   0  F    TS     7 PTAMS 0x0000000564000000 NTAMS 0x0000000564000000 space 32768K,   0% used [0x0000000564000000, 0x0000000566000000)
AC   0  F    TS     7 PTAMS 0x0000000566000000 NTAMS 0x0000000566000000 space 32768K,   0% used [0x0000000566000000, 0x0000000568000000)
AC   0  F    TS     7 PTAMS 0x0000000568000000 NTAMS 0x0000000568000000 space 32768K,   0% used [0x0000000568000000, 0x000000056a000000)
AC   0  F    TS     7 PTAMS 0x000000056a000000 NTAMS 0x000000056a000000 space 32768K,   0% used [0x000000056a000000, 0x000000056c000000)
AC   0  F    TS     7 PTAMS 0x000000056c000000 NTAMS 0x000000056c000000 space 32768K,   0% used [0x000000056c000000, 0x000000056e000000)
AC   0  F    TS     7 PTAMS 0x000000056e000000 NTAMS 0x000000056e000000 space 32768K,   0% used [0x000000056e000000, 0x0000000570000000)
AC   0  F    TS     7 PTAMS 0x0000000570000000 NTAMS 0x0000000570000000 space 32768K,   0% used [0x0000000570000000, 0x0000000572000000)
AC   0  F    TS     7 PTAMS 0x0000000572000000 NTAMS 0x0000000572000000 space 32768K,   0% used [0x0000000572000000, 0x0000000574000000)
AC   0  F    TS     7 PTAMS 0x0000000574000000 NTAMS 0x0000000574000000 space 32768K,   0% used [0x0000000574000000, 0x0000000576000000)
AC   0  F    TS     7 PTAMS 0x0000000576000000 NTAMS 0x0000000576000000 space 32768K,   0% used [0x0000000576000000, 0x0000000578000000)
AC   0  F    TS     7 PTAMS 0x0000000578000000 NTAMS 0x0000000578000000 space 32768K,   0% used [0x0000000578000000, 0x000000057a000000)
AC   0  F    TS     7 PTAMS 0x000000057a000000 NTAMS 0x000000057a000000 space 32768K,   0% used [0x000000057a000000, 0x000000057c000000)
AC   0  F    TS     7 PTAMS 0x000000057c000000 NTAMS 0x000000057c000000 space 32768K,   0% used [0x000000057c000000, 0x000000057e000000)
AC   0  F    TS     7 PTAMS 0x000000057e000000 NTAMS 0x000000057e000000 space 32768K,   0% used [0x000000057e000000, 0x0000000580000000)
AC   0  F    TS     7 PTAMS 0x0000000580000000 NTAMS 0x0000000580000000 space 32768K,   0% used [0x0000000580000000, 0x0000000582000000)
AC   0  F    TS     7 PTAMS 0x0000000582000000 NTAMS 0x0000000582000000 space 32768K,   0% used [0x0000000582000000, 0x0000000584000000)
AC   0  F    TS     7 PTAMS 0x0000000584000000 NTAMS 0x0000000584000000 space 32768K,   0% used [0x0000000584000000, 0x0000000586000000)
AC   0  F    TS     7 PTAMS 0x0000000586000000 NTAMS 0x0000000586000000 space 32768K,   0% used [0x0000000586000000, 0x0000000588000000)
AC   0  F    TS     7 PTAMS 0x0000000588000000 NTAMS 0x0000000588000000 space 32768K,   0% used [0x0000000588000000, 0x000000058a000000)
AC   0  F    TS     7 PTAMS 0x000000058a000000 NTAMS 0x000000058a000000 space 32768K,   0% used [0x000000058a000000, 0x000000058c000000)
AC   0  F    TS     7 PTAMS 0x000000058c000000 NTAMS 0x000000058c000000 space 32768K,   0% used [0x000000058c000000, 0x000000058e000000)
AC   0  F    TS     7 PTAMS 0x000000058e000000 NTAMS 0x000000058e000000 space 32768K,   0% used [0x000000058e000000, 0x0000000590000000)
AC   0  F    TS     7 PTAMS 0x0000000590000000 NTAMS 0x0000000590000000 space 32768K,   0% used [0x0000000590000000, 0x0000000592000000)
AC   0  F    TS     7 PTAMS 0x0000000592000000 NTAMS 0x0000000592000000 space 32768K,   0% used [0x0000000592000000, 0x0000000594000000)
AC   0  F    TS     7 PTAMS 0x0000000594000000 NTAMS 0x0000000594000000 space 32768K,   0% used [0x0000000594000000, 0x0000000596000000)
AC   0  F    TS     7 PTAMS 0x0000000596000000 NTAMS 0x0000000596000000 space 32768K,   0% used [0x0000000596000000, 0x0000000598000000)
AC   0  F    TS     7 PTAMS 0x0000000598000000 NTAMS 0x0000000598000000 space 32768K,   0% used [0x0000000598000000, 0x000000059a000000)
AC   0  F    TS     7 PTAMS 0x000000059a000000 NTAMS 0x000000059a000000 space 32768K,   0% used [0x000000059a000000, 0x000000059c000000)
AC   0  F    TS     7 PTAMS 0x000000059c000000 NTAMS 0x000000059c000000 space 32768K,   0% used [0x000000059c000000, 0x000000059e000000)
AC   0  F    TS     7 PTAMS 0x000000059e000000 NTAMS 0x000000059e000000 space 32768K,   0% used [0x000000059e000000, 0x00000005a0000000)
AC   0  F    TS     7 PTAMS 0x00000005a0000000 NTAMS 0x00000005a0000000 space 32768K,   0% used [0x00000005a0000000, 0x00000005a2000000)
AC   0  F    TS     7 PTAMS 0x00000005a2000000 NTAMS 0x00000005a2000000 space 32768K,   0% used [0x00000005a2000000, 0x00000005a4000000)
AC   0  F    TS     7 PTAMS 0x00000005a4000000 NTAMS 0x00000005a4000000 space 32768K,   0% used [0x00000005a4000000, 0x00000005a6000000)
AC   0  F    TS     7 PTAMS 0x00000005a6000000 NTAMS 0x00000005a6000000 space 32768K,   0% used [0x00000005a6000000, 0x00000005a8000000)
AC   0  F    TS     7 PTAMS 0x00000005a8000000 NTAMS 0x00000005a8000000 space 32768K,   0% used [0x00000005a8000000, 0x00000005aa000000)
AC   0  F    TS     7 PTAMS 0x00000005aa000000 NTAMS 0x00000005aa000000 space 32768K,   0% used [0x00000005aa000000, 0x00000005ac000000)
AC   0  F    TS     7 PTAMS 0x00000005ac000000 NTAMS 0x00000005ac000000 space 32768K,   0% used [0x00000005ac000000, 0x00000005ae000000)
AC   0  F    TS     7 PTAMS 0x00000005ae000000 NTAMS 0x00000005ae000000 space 32768K,   0% used [0x00000005ae000000, 0x00000005b0000000)
AC   0  F    TS     7 PTAMS 0x00000005b0000000 NTAMS 0x00000005b0000000 space 32768K,   0% used [0x00000005b0000000, 0x00000005b2000000)
AC   0  F    TS     7 PTAMS 0x00000005b2000000 NTAMS 0x00000005b2000000 space 32768K,   0% used [0x00000005b2000000, 0x00000005b4000000)
AC   0  F    TS     7 PTAMS 0x00000005b4000000 NTAMS 0x00000005b4000000 space 32768K,   0% used [0x00000005b4000000, 0x00000005b6000000)
AC   0  F    TS     7 PTAMS 0x00000005b6000000 NTAMS 0x00000005b6000000 space 32768K,   0% used [0x00000005b6000000, 0x00000005b8000000)
AC   0  F    TS     7 PTAMS 0x00000005b8000000 NTAMS 0x00000005b8000000 space 32768K,   0% used [0x00000005b8000000, 0x00000005ba000000)
AC   0  F    TS     7 PTAMS 0x00000005ba000000 NTAMS 0x00000005ba000000 space 32768K,   0% used [0x00000005ba000000, 0x00000005bc000000)
AC   0  F    TS     7 PTAMS 0x00000005bc000000 NTAMS 0x00000005bc000000 space 32768K,   0% used [0x00000005bc000000, 0x00000005be000000)
AC   0  F    TS     7 PTAMS 0x00000005be000000 NTAMS 0x00000005be000000 space 32768K,   0% used [0x00000005be000000, 0x00000005c0000000)
AC   0  F    TS     7 PTAMS 0x00000005c0000000 NTAMS 0x00000005c0000000 space 32768K,   0% used [0x00000005c0000000, 0x00000005c2000000)
AC   0  F    TS     7 PTAMS 0x00000005c2000000 NTAMS 0x00000005c2000000 space 32768K,   0% used [0x00000005c2000000, 0x00000005c4000000)
AC   0  F    TS     7 PTAMS 0x00000005c4000000 NTAMS 0x00000005c4000000 space 32768K,   0% used [0x00000005c4000000, 0x00000005c6000000)
AC   0  F    TS     7 PTAMS 0x00000005c6000000 NTAMS 0x00000005c6000000 space 32768K,   0% used [0x00000005c6000000, 0x00000005c8000000)
AC   0  F    TS     7 PTAMS 0x00000005c8000000 NTAMS 0x00000005c8000000 space 32768K,   0% used [0x00000005c8000000, 0x00000005ca000000)
AC   0  F    TS     7 PTAMS 0x00000005ca000000 NTAMS 0x00000005ca000000 space 32768K,   0% used [0x00000005ca000000, 0x00000005cc000000)
AC   0  F    TS     7 PTAMS 0x00000005cc000000 NTAMS 0x00000005cc000000 space 32768K,   0% used [0x00000005cc000000, 0x00000005ce000000)
AC   0  F    TS     9 PTAMS 0x00000005ce000000 NTAMS 0x00000005ce000000 space 32768K,   0% used [0x00000005ce000000, 0x00000005d0000000)
AC   0  F    TS     7 PTAMS 0x00000005d0000000 NTAMS 0x00000005d0000000 space 32768K,   0% used [0x00000005d0000000, 0x00000005d2000000)
AC   0  F    TS     7 PTAMS 0x00000005d2000000 NTAMS 0x00000005d2000000 space 32768K,   0% used [0x00000005d2000000, 0x00000005d4000000)
AC   0  F    TS     7 PTAMS 0x00000005d4000000 NTAMS 0x00000005d4000000 space 32768K,   0% used [0x00000005d4000000, 0x00000005d6000000)
AC   0  F    TS     9 PTAMS 0x00000005d6000000 NTAMS 0x00000005d6000000 space 32768K,   0% used [0x00000005d6000000, 0x00000005d8000000)
AC   0  F    TS     9 PTAMS 0x00000005d8000000 NTAMS 0x00000005d8000000 space 32768K,   0% used [0x00000005d8000000, 0x00000005da000000)
AC   0  F    TS     9 PTAMS 0x00000005da000000 NTAMS 0x00000005da000000 space 32768K,   0% used [0x00000005da000000, 0x00000005dc000000)
AC   0  F    TS     9 PTAMS 0x00000005dc000000 NTAMS 0x00000005dc000000 space 32768K,   0% used [0x00000005dc000000, 0x00000005de000000)
AC   0  F    TS     9 PTAMS 0x00000005de000000 NTAMS 0x00000005de000000 space 32768K,   0% used [0x00000005de000000, 0x00000005e0000000)
AC   0  F    TS     9 PTAMS 0x00000005e0000000 NTAMS 0x00000005e0000000 space 32768K,   0% used [0x00000005e0000000, 0x00000005e2000000)
AC   0  F    TS     9 PTAMS 0x00000005e2000000 NTAMS 0x00000005e2000000 space 32768K,   0% used [0x00000005e2000000, 0x00000005e4000000)
AC   0  F    TS     9 PTAMS 0x00000005e4000000 NTAMS 0x00000005e4000000 space 32768K,   0% used [0x00000005e4000000, 0x00000005e6000000)
AC   0  F    TS     9 PTAMS 0x00000005e6000000 NTAMS 0x00000005e6000000 space 32768K,   0% used [0x00000005e6000000, 0x00000005e8000000)
AC   0  F    TS     9 PTAMS 0x00000005e8000000 NTAMS 0x00000005e8000000 space 32768K,   0% used [0x00000005e8000000, 0x00000005ea000000)
AC   0  F    TS     9 PTAMS 0x00000005ea000000 NTAMS 0x00000005ea000000 space 32768K,   0% used [0x00000005ea000000, 0x00000005ec000000)
AC   0  F    TS     9 PTAMS 0x00000005ec000000 NTAMS 0x00000005ec000000 space 32768K,   0% used [0x00000005ec000000, 0x00000005ee000000)
AC   0  F    TS     9 PTAMS 0x00000005ee000000 NTAMS 0x00000005ee000000 space 32768K,   0% used [0x00000005ee000000, 0x00000005f0000000)
AC   0  F    TS     9 PTAMS 0x00000005f0000000 NTAMS 0x00000005f0000000 space 32768K,   0% used [0x00000005f0000000, 0x00000005f2000000)
AC   0  F    TS     9 PTAMS 0x00000005f2000000 NTAMS 0x00000005f2000000 space 32768K,   0% used [0x00000005f2000000, 0x00000005f4000000)
AC   0  F    TS     9 PTAMS 0x00000005f4000000 NTAMS 0x00000005f4000000 space 32768K,   0% used [0x00000005f4000000, 0x00000005f6000000)
AC   0  F    TS     9 PTAMS 0x00000005f6000000 NTAMS 0x00000005f6000000 space 32768K,   0% used [0x00000005f6000000, 0x00000005f8000000)
AC   0  F    TS     9 PTAMS 0x00000005f8000000 NTAMS 0x00000005f8000000 space 32768K,   0% used [0x00000005f8000000, 0x00000005fa000000)
AC   0  F    TS     9 PTAMS 0x00000005fa000000 NTAMS 0x00000005fa000000 space 32768K,   0% used [0x00000005fa000000, 0x00000005fc000000)
AC   0  F    TS     9 PTAMS 0x00000005fc000000 NTAMS 0x00000005fc000000 space 32768K,   0% used [0x00000005fc000000, 0x00000005fe000000)
AC   0  F    TS     9 PTAMS 0x00000005fe000000 NTAMS 0x00000005fe000000 space 32768K,   0% used [0x00000005fe000000, 0x0000000600000000)
AC   0  F    TS     9 PTAMS 0x0000000600000000 NTAMS 0x0000000600000000 space 32768K,   0% used [0x0000000600000000, 0x0000000602000000)
AC   0  F    TS     9 PTAMS 0x0000000602000000 NTAMS 0x0000000602000000 space 32768K,   0% used [0x0000000602000000, 0x0000000604000000)
AC   0  F    TS     9 PTAMS 0x0000000604000000 NTAMS 0x0000000604000000 space 32768K,   0% used [0x0000000604000000, 0x0000000606000000)
AC   0  F    TS     9 PTAMS 0x0000000606000000 NTAMS 0x0000000606000000 space 32768K,   0% used [0x0000000606000000, 0x0000000608000000)
AC   0  F    TS     9 PTAMS 0x0000000608000000 NTAMS 0x0000000608000000 space 32768K,   0% used [0x0000000608000000, 0x000000060a000000)
AC   0  F    TS     9 PTAMS 0x000000060a000000 NTAMS 0x000000060a000000 space 32768K,   0% used [0x000000060a000000, 0x000000060c000000)
AC   0  F    TS     9 PTAMS 0x000000060c000000 NTAMS 0x000000060c000000 space 32768K,   0% used [0x000000060c000000, 0x000000060e000000)
AC   0  F    TS     9 PTAMS 0x000000060e000000 NTAMS 0x000000060e000000 space 32768K,   0% used [0x000000060e000000, 0x0000000610000000)
AC   0  F    TS     9 PTAMS 0x0000000610000000 NTAMS 0x0000000610000000 space 32768K,   0% used [0x0000000610000000, 0x0000000612000000)
AC   0  F    TS     9 PTAMS 0x0000000612000000 NTAMS 0x0000000612000000 space 32768K,   0% used [0x0000000612000000, 0x0000000614000000)
AC   0  F    TS     9 PTAMS 0x0000000614000000 NTAMS 0x0000000614000000 space 32768K,   0% used [0x0000000614000000, 0x0000000616000000)
AC   0  F    TS     9 PTAMS 0x0000000616000000 NTAMS 0x0000000616000000 space 32768K,   0% used [0x0000000616000000, 0x0000000618000000)
AC   0  F    TS     9 PTAMS 0x0000000618000000 NTAMS 0x0000000618000000 space 32768K,   0% used [0x0000000618000000, 0x000000061a000000)
AC   0  F    TS     9 PTAMS 0x000000061a000000 NTAMS 0x000000061a000000 space 32768K,   0% used [0x000000061a000000, 0x000000061c000000)
AC   0  F    TS     9 PTAMS 0x000000061c000000 NTAMS 0x000000061c000000 space 32768K,   0% used [0x000000061c000000, 0x000000061e000000)
AC   0  F    TS     9 PTAMS 0x000000061e000000 NTAMS 0x000000061e000000 space 32768K,   0% used [0x000000061e000000, 0x0000000620000000)
AC   0  F    TS     9 PTAMS 0x0000000620000000 NTAMS 0x0000000620000000 space 32768K,   0% used [0x0000000620000000, 0x0000000622000000)
AC   0  F    TS     9 PTAMS 0x0000000622000000 NTAMS 0x0000000622000000 space 32768K,   0% used [0x0000000622000000, 0x0000000624000000)
AC   0  F    TS     9 PTAMS 0x0000000624000000 NTAMS 0x0000000624000000 space 32768K,   0% used [0x0000000624000000, 0x0000000626000000)
AC   0  F    TS     9 PTAMS 0x0000000626000000 NTAMS 0x0000000626000000 space 32768K,   0% used [0x0000000626000000, 0x0000000628000000)
AC   0  F    TS     9 PTAMS 0x0000000628000000 NTAMS 0x0000000628000000 space 32768K,   0% used [0x0000000628000000, 0x000000062a000000)
AC   0  F    TS     9 PTAMS 0x000000062a000000 NTAMS 0x000000062a000000 space 32768K,   0% used [0x000000062a000000, 0x000000062c000000)
AC   0  F    TS     9 PTAMS 0x000000062c000000 NTAMS 0x000000062c000000 space 32768K,   0% used [0x000000062c000000, 0x000000062e000000)
AC   0  F    TS     9 PTAMS 0x000000062e000000 NTAMS 0x000000062e000000 space 32768K,   0% used [0x000000062e000000, 0x0000000630000000)
AC   0  F    TS    11 PTAMS 0x0000000630000000 NTAMS 0x0000000630000000 space 32768K,   0% used [0x0000000630000000, 0x0000000632000000)
AC   0  F    TS     9 PTAMS 0x0000000632000000 NTAMS 0x0000000632000000 space 32768K,   0% used [0x0000000632000000, 0x0000000634000000)
AC   0  F    TS     9 PTAMS 0x0000000634000000 NTAMS 0x0000000634000000 space 32768K,   0% used [0x0000000634000000, 0x0000000636000000)
AC   0  F    TS     9 PTAMS 0x0000000636000000 NTAMS 0x0000000636000000 space 32768K,   0% used [0x0000000636000000, 0x0000000638000000)
AC   0  F    TS    11 PTAMS 0x0000000638000000 NTAMS 0x0000000638000000 space 32768K,   0% used [0x0000000638000000, 0x000000063a000000)
AC   0  F    TS    11 PTAMS 0x000000063a000000 NTAMS 0x000000063a000000 space 32768K,   0% used [0x000000063a000000, 0x000000063c000000)
AC   0  F    TS    11 PTAMS 0x000000063c000000 NTAMS 0x000000063c000000 space 32768K,   0% used [0x000000063c000000, 0x000000063e000000)
AC   0  F    TS    11 PTAMS 0x000000063e000000 NTAMS 0x000000063e000000 space 32768K,   0% used [0x000000063e000000, 0x0000000640000000)
AC   0  F    TS    11 PTAMS 0x0000000640000000 NTAMS 0x0000000640000000 space 32768K,   0% used [0x0000000640000000, 0x0000000642000000)
AC   0  F    TS    11 PTAMS 0x0000000642000000 NTAMS 0x0000000642000000 space 32768K,   0% used [0x0000000642000000, 0x0000000644000000)
AC   0  F    TS    11 PTAMS 0x0000000644000000 NTAMS 0x0000000644000000 space 32768K,   0% used [0x0000000644000000, 0x0000000646000000)
AC   0  F    TS    11 PTAMS 0x0000000646000000 NTAMS 0x0000000646000000 space 32768K,   0% used [0x0000000646000000, 0x0000000648000000)
AC   0  F    TS    11 PTAMS 0x0000000648000000 NTAMS 0x0000000648000000 space 32768K,   0% used [0x0000000648000000, 0x000000064a000000)
AC   0  F    TS    11 PTAMS 0x000000064a000000 NTAMS 0x000000064a000000 space 32768K,   0% used [0x000000064a000000, 0x000000064c000000)
AC   0  F    TS    11 PTAMS 0x000000064c000000 NTAMS 0x000000064c000000 space 32768K,   0% used [0x000000064c000000, 0x000000064e000000)
AC   0  F    TS    11 PTAMS 0x000000064e000000 NTAMS 0x000000064e000000 space 32768K,   0% used [0x000000064e000000, 0x0000000650000000)
AC   0  F    TS    11 PTAMS 0x0000000650000000 NTAMS 0x0000000650000000 space 32768K,   0% used [0x0000000650000000, 0x0000000652000000)
AC   0  F    TS    11 PTAMS 0x0000000652000000 NTAMS 0x0000000652000000 space 32768K,   0% used [0x0000000652000000, 0x0000000654000000)
AC   0  F    TS    11 PTAMS 0x0000000654000000 NTAMS 0x0000000654000000 space 32768K,   0% used [0x0000000654000000, 0x0000000656000000)
AC   0  F    TS    11 PTAMS 0x0000000656000000 NTAMS 0x0000000656000000 space 32768K,   0% used [0x0000000656000000, 0x0000000658000000)
AC   0  F    TS    11 PTAMS 0x0000000658000000 NTAMS 0x0000000658000000 space 32768K,   0% used [0x0000000658000000, 0x000000065a000000)
AC   0  F    TS    11 PTAMS 0x000000065a000000 NTAMS 0x000000065a000000 space 32768K,   0% used [0x000000065a000000, 0x000000065c000000)
AC   0  F    TS    11 PTAMS 0x000000065c000000 NTAMS 0x000000065c000000 space 32768K,   0% used [0x000000065c000000, 0x000000065e000000)
AC   0  F    TS    11 PTAMS 0x000000065e000000 NTAMS 0x000000065e000000 space 32768K,   0% used [0x000000065e000000, 0x0000000660000000)
AC   0  F    TS    11 PTAMS 0x0000000660000000 NTAMS 0x0000000660000000 space 32768K,   0% used [0x0000000660000000, 0x0000000662000000)
AC   0  F    TS    11 PTAMS 0x0000000662000000 NTAMS 0x0000000662000000 space 32768K,   0% used [0x0000000662000000, 0x0000000664000000)
AC   0  F    TS    11 PTAMS 0x0000000664000000 NTAMS 0x0000000664000000 space 32768K,   0% used [0x0000000664000000, 0x0000000666000000)
AC   0  F    TS    11 PTAMS 0x0000000666000000 NTAMS 0x0000000666000000 space 32768K,   0% used [0x0000000666000000, 0x0000000668000000)
AC   0  F    TS    11 PTAMS 0x0000000668000000 NTAMS 0x0000000668000000 space 32768K,   0% used [0x0000000668000000, 0x000000066a000000)
AC   0  F    TS    11 PTAMS 0x000000066a000000 NTAMS 0x000000066a000000 space 32768K,   0% used [0x000000066a000000, 0x000000066c000000)
AC   0  F    TS    11 PTAMS 0x000000066c000000 NTAMS 0x000000066c000000 space 32768K,   0% used [0x000000066c000000, 0x000000066e000000)
AC   0  F    TS    11 PTAMS 0x000000066e000000 NTAMS 0x000000066e000000 space 32768K,   0% used [0x000000066e000000, 0x0000000670000000)
AC   0  F    TS    11 PTAMS 0x0000000670000000 NTAMS 0x0000000670000000 space 32768K,   0% used [0x0000000670000000, 0x0000000672000000)
AC   0  F    TS    11 PTAMS 0x0000000672000000 NTAMS 0x0000000672000000 space 32768K,   0% used [0x0000000672000000, 0x0000000674000000)
AC   0  F    TS    11 PTAMS 0x0000000674000000 NTAMS 0x0000000674000000 space 32768K,   0% used [0x0000000674000000, 0x0000000676000000)
AC   0  F    TS    11 PTAMS 0x0000000676000000 NTAMS 0x0000000676000000 space 32768K,   0% used [0x0000000676000000, 0x0000000678000000)
AC   0  F    TS    11 PTAMS 0x0000000678000000 NTAMS 0x0000000678000000 space 32768K,   0% used [0x0000000678000000, 0x000000067a000000)
AC   0  F    TS    11 PTAMS 0x000000067a000000 NTAMS 0x000000067a000000 space 32768K,   0% used [0x000000067a000000, 0x000000067c000000)
AC   0  F    TS    11 PTAMS 0x000000067c000000 NTAMS 0x000000067c000000 space 32768K,   0% used [0x000000067c000000, 0x000000067e000000)
AC   0  F    TS    11 PTAMS 0x000000067e000000 NTAMS 0x000000067e000000 space 32768K,   0% used [0x000000067e000000, 0x0000000680000000)
AC   0  F    TS    13 PTAMS 0x0000000680000000 NTAMS 0x0000000680000000 space 32768K,   0% used [0x0000000680000000, 0x0000000682000000)
AC   0  F    TS    11 PTAMS 0x0000000682000000 NTAMS 0x0000000682000000 space 32768K,   0% used [0x0000000682000000, 0x0000000684000000)
AC   0  F    TS    11 PTAMS 0x0000000684000000 NTAMS 0x0000000684000000 space 32768K,   0% used [0x0000000684000000, 0x0000000686000000)
AC   0  F    TS    11 PTAMS 0x0000000686000000 NTAMS 0x0000000686000000 space 32768K,   0% used [0x0000000686000000, 0x0000000688000000)
AC   0  F    TS    13 PTAMS 0x0000000688000000 NTAMS 0x0000000688000000 space 32768K,   0% used [0x0000000688000000, 0x000000068a000000)
AC   0  F    TS    13 PTAMS 0x000000068a000000 NTAMS 0x000000068a000000 space 32768K,   0% used [0x000000068a000000, 0x000000068c000000)
AC   0  F    TS    13 PTAMS 0x000000068c000000 NTAMS 0x000000068c000000 space 32768K,   0% used [0x000000068c000000, 0x000000068e000000)
AC   0  F    TS    13 PTAMS 0x000000068e000000 NTAMS 0x000000068e000000 space 32768K,   0% used [0x000000068e000000, 0x0000000690000000)
AC   0  F    TS    13 PTAMS 0x0000000690000000 NTAMS 0x0000000690000000 space 32768K,   0% used [0x0000000690000000, 0x0000000692000000)
AC   0  F    TS    13 PTAMS 0x0000000692000000 NTAMS 0x0000000692000000 space 32768K,   0% used [0x0000000692000000, 0x0000000694000000)
AC   0  F    TS    13 PTAMS 0x0000000694000000 NTAMS 0x0000000694000000 space 32768K,   0% used [0x0000000694000000, 0x0000000696000000)
AC   0  F    TS    13 PTAMS 0x0000000696000000 NTAMS 0x0000000696000000 space 32768K,   0% used [0x0000000696000000, 0x0000000698000000)
AC   0  F    TS    13 PTAMS 0x0000000698000000 NTAMS 0x0000000698000000 space 32768K,   0% used [0x0000000698000000, 0x000000069a000000)
AC   0  F    TS    13 PTAMS 0x000000069a000000 NTAMS 0x000000069a000000 space 32768K,   0% used [0x000000069a000000, 0x000000069c000000)
AC   0  F    TS    13 PTAMS 0x000000069c000000 NTAMS 0x000000069c000000 space 32768K,   0% used [0x000000069c000000, 0x000000069e000000)
AC   0  F    TS    13 PTAMS 0x000000069e000000 NTAMS 0x000000069e000000 space 32768K,   0% used [0x000000069e000000, 0x00000006a0000000)
AC   0  F    TS    13 PTAMS 0x00000006a0000000 NTAMS 0x00000006a0000000 space 32768K,   0% used [0x00000006a0000000, 0x00000006a2000000)
AC   0  F    TS    13 PTAMS 0x00000006a2000000 NTAMS 0x00000006a2000000 space 32768K,   0% used [0x00000006a2000000, 0x00000006a4000000)
AC   0  F    TS    13 PTAMS 0x00000006a4000000 NTAMS 0x00000006a4000000 space 32768K,   0% used [0x00000006a4000000, 0x00000006a6000000)
AC   0  F    TS    13 PTAMS 0x00000006a6000000 NTAMS 0x00000006a6000000 space 32768K,   0% used [0x00000006a6000000, 0x00000006a8000000)
AC   0  F    TS    13 PTAMS 0x00000006a8000000 NTAMS 0x00000006a8000000 space 32768K,   0% used [0x00000006a8000000, 0x00000006aa000000)
AC   0  F    TS    13 PTAMS 0x00000006aa000000 NTAMS 0x00000006aa000000 space 32768K,   0% used [0x00000006aa000000, 0x00000006ac000000)
AC   0  F    TS    13 PTAMS 0x00000006ac000000 NTAMS 0x00000006ac000000 space 32768K,   0% used [0x00000006ac000000, 0x00000006ae000000)
AC   0  F    TS    13 PTAMS 0x00000006ae000000 NTAMS 0x00000006ae000000 space 32768K,   0% used [0x00000006ae000000, 0x00000006b0000000)
AC   0  F    TS    13 PTAMS 0x00000006b0000000 NTAMS 0x00000006b0000000 space 32768K,   0% used [0x00000006b0000000, 0x00000006b2000000)
AC   0  F    TS    13 PTAMS 0x00000006b2000000 NTAMS 0x00000006b2000000 space 32768K,   0% used [0x00000006b2000000, 0x00000006b4000000)
AC   0  F    TS    13 PTAMS 0x00000006b4000000 NTAMS 0x00000006b4000000 space 32768K,   0% used [0x00000006b4000000, 0x00000006b6000000)
AC   0  F    TS    13 PTAMS 0x00000006b6000000 NTAMS 0x00000006b6000000 space 32768K,   0% used [0x00000006b6000000, 0x00000006b8000000)
AC   0  F    TS    13 PTAMS 0x00000006b8000000 NTAMS 0x00000006b8000000 space 32768K,   0% used [0x00000006b8000000, 0x00000006ba000000)
AC   0  F    TS    13 PTAMS 0x00000006ba000000 NTAMS 0x00000006ba000000 space 32768K,   0% used [0x00000006ba000000, 0x00000006bc000000)
AC   0  F    TS    13 PTAMS 0x00000006bc000000 NTAMS 0x00000006bc000000 space 32768K,   0% used [0x00000006bc000000, 0x00000006be000000)
AC   0  F    TS    13 PTAMS 0x00000006be000000 NTAMS 0x00000006be000000 space 32768K,   0% used [0x00000006be000000, 0x00000006c0000000)
AC   0  F    TS    15 PTAMS 0x00000006c0000000 NTAMS 0x00000006c0000000 space 32768K,   0% used [0x00000006c0000000, 0x00000006c2000000)
AC   0  F    TS    13 PTAMS 0x00000006c2000000 NTAMS 0x00000006c2000000 space 32768K,   0% used [0x00000006c2000000, 0x00000006c4000000)
AC   0  F    TS    13 PTAMS 0x00000006c4000000 NTAMS 0x00000006c4000000 space 32768K,   0% used [0x00000006c4000000, 0x00000006c6000000)
AC   0  F    TS    13 PTAMS 0x00000006c6000000 NTAMS 0x00000006c6000000 space 32768K,   0% used [0x00000006c6000000, 0x00000006c8000000)
AC   0  F    TS    15 PTAMS 0x00000006c8000000 NTAMS 0x00000006c8000000 space 32768K,   0% used [0x00000006c8000000, 0x00000006ca000000)
AC   0  F    TS    15 PTAMS 0x00000006ca000000 NTAMS 0x00000006ca000000 space 32768K,   0% used [0x00000006ca000000, 0x00000006cc000000)
AC   0  F    TS    15 PTAMS 0x00000006cc000000 NTAMS 0x00000006cc000000 space 32768K,   0% used [0x00000006cc000000, 0x00000006ce000000)
AC   0  F    TS    15 PTAMS 0x00000006ce000000 NTAMS 0x00000006ce000000 space 32768K,   0% used [0x00000006ce000000, 0x00000006d0000000)
AC   0  F    TS    15 PTAMS 0x00000006d0000000 NTAMS 0x00000006d0000000 space 32768K,   0% used [0x00000006d0000000, 0x00000006d2000000)
AC   0  F    TS    15 PTAMS 0x00000006d2000000 NTAMS 0x00000006d2000000 space 32768K,   0% used [0x00000006d2000000, 0x00000006d4000000)
AC   0  F    TS    15 PTAMS 0x00000006d4000000 NTAMS 0x00000006d4000000 space 32768K,   0% used [0x00000006d4000000, 0x00000006d6000000)
AC   0  F    TS    15 PTAMS 0x00000006d6000000 NTAMS 0x00000006d6000000 space 32768K,   0% used [0x00000006d6000000, 0x00000006d8000000)
AC   0  F    TS    15 PTAMS 0x00000006d8000000 NTAMS 0x00000006d8000000 space 32768K,   0% used [0x00000006d8000000, 0x00000006da000000)
AC   0  F    TS    15 PTAMS 0x00000006da000000 NTAMS 0x00000006da000000 space 32768K,   0% used [0x00000006da000000, 0x00000006dc000000)
AC   0  F    TS    15 PTAMS 0x00000006dc000000 NTAMS 0x00000006dc000000 space 32768K,   0% used [0x00000006dc000000, 0x00000006de000000)
AC   0  F    TS    15 PTAMS 0x00000006de000000 NTAMS 0x00000006de000000 space 32768K,   0% used [0x00000006de000000, 0x00000006e0000000)
AC   0  F    TS    15 PTAMS 0x00000006e0000000 NTAMS 0x00000006e0000000 space 32768K,   0% used [0x00000006e0000000, 0x00000006e2000000)
AC   0  F    TS    15 PTAMS 0x00000006e2000000 NTAMS 0x00000006e2000000 space 32768K,   0% used [0x00000006e2000000, 0x00000006e4000000)
AC   0  F    TS    15 PTAMS 0x00000006e4000000 NTAMS 0x00000006e4000000 space 32768K,   0% used [0x00000006e4000000, 0x00000006e6000000)
AC   0  F    TS    15 PTAMS 0x00000006e6000000 NTAMS 0x00000006e6000000 space 32768K,   0% used [0x00000006e6000000, 0x00000006e8000000)
AC   0  F    TS    15 PTAMS 0x00000006e8000000 NTAMS 0x00000006e8000000 space 32768K,   0% used [0x00000006e8000000, 0x00000006ea000000)
AC   0  F    TS    15 PTAMS 0x00000006ea000000 NTAMS 0x00000006ea000000 space 32768K,   0% used [0x00000006ea000000, 0x00000006ec000000)
AC   0  F    TS    15 PTAMS 0x00000006ec000000 NTAMS 0x00000006ec000000 space 32768K,   0% used [0x00000006ec000000, 0x00000006ee000000)
AC   0  F    TS    15 PTAMS 0x00000006ee000000 NTAMS 0x00000006ee000000 space 32768K,   0% used [0x00000006ee000000, 0x00000006f0000000)
AC   0  F    TS    15 PTAMS 0x00000006f0000000 NTAMS 0x00000006f0000000 space 32768K,   0% used [0x00000006f0000000, 0x00000006f2000000)
AC   0  F    TS    17 PTAMS 0x00000006f2000000 NTAMS 0x00000006f2000000 space 32768K,   0% used [0x00000006f2000000, 0x00000006f4000000)
AC   0  F    TS    15 PTAMS 0x00000006f4000000 NTAMS 0x00000006f4000000 space 32768K,   0% used [0x00000006f4000000, 0x00000006f6000000)
AC   0  F    TS    15 PTAMS 0x00000006f6000000 NTAMS 0x00000006f6000000 space 32768K,   0% used [0x00000006f6000000, 0x00000006f8000000)
AC   0  F    TS    15 PTAMS 0x00000006f8000000 NTAMS 0x00000006f8000000 space 32768K,   0% used [0x00000006f8000000, 0x00000006fa000000)
AC   0  F    TS    17 PTAMS 0x00000006fa000000 NTAMS 0x00000006fa000000 space 32768K,   0% used [0x00000006fa000000, 0x00000006fc000000)
AC   0  F    TS    17 PTAMS 0x00000006fc000000 NTAMS 0x00000006fc000000 space 32768K,   0% used [0x00000006fc000000, 0x00000006fe000000)
AC   0  F    TS    17 PTAMS 0x00000006fe000000 NTAMS 0x00000006fe000000 space 32768K,   0% used [0x00000006fe000000, 0x0000000700000000)
AC   0  F    TS    17 PTAMS 0x0000000700000000 NTAMS 0x0000000700000000 space 32768K,   0% used [0x0000000700000000, 0x0000000702000000)
AC   0  F    TS    17 PTAMS 0x0000000702000000 NTAMS 0x0000000702000000 space 32768K,   0% used [0x0000000702000000, 0x0000000704000000)
AC   0  F    TS    17 PTAMS 0x0000000704000000 NTAMS 0x0000000704000000 space 32768K,   0% used [0x0000000704000000, 0x0000000706000000)
AC   0  F    TS    17 PTAMS 0x0000000706000000 NTAMS 0x0000000706000000 space 32768K,   0% used [0x0000000706000000, 0x0000000708000000)
AC   0  F    TS    17 PTAMS 0x0000000708000000 NTAMS 0x0000000708000000 space 32768K,   0% used [0x0000000708000000, 0x000000070a000000)
AC   0  F    TS    17 PTAMS 0x000000070a000000 NTAMS 0x000000070a000000 space 32768K,   0% used [0x000000070a000000, 0x000000070c000000)
AC   0  F    TS    17 PTAMS 0x000000070c000000 NTAMS 0x000000070c000000 space 32768K,   0% used [0x000000070c000000, 0x000000070e000000)
AC   0  F    TS    17 PTAMS 0x000000070e000000 NTAMS 0x000000070e000000 space 32768K,   0% used [0x000000070e000000, 0x0000000710000000)
AC   0  F    TS    17 PTAMS 0x0000000710000000 NTAMS 0x0000000710000000 space 32768K,   0% used [0x0000000710000000, 0x0000000712000000)
AC   0  F    TS    17 PTAMS 0x0000000712000000 NTAMS 0x0000000712000000 space 32768K,   0% used [0x0000000712000000, 0x0000000714000000)
AC   0  F    TS    17 PTAMS 0x0000000714000000 NTAMS 0x0000000714000000 space 32768K,   0% used [0x0000000714000000, 0x0000000716000000)
AC   0  F    TS    17 PTAMS 0x0000000716000000 NTAMS 0x0000000716000000 space 32768K,   0% used [0x0000000716000000, 0x0000000718000000)
AC   0  F    TS    17 PTAMS 0x0000000718000000 NTAMS 0x0000000718000000 space 32768K,   0% used [0x0000000718000000, 0x000000071a000000)
AC   0  F    TS    19 PTAMS 0x000000071a000000 NTAMS 0x000000071a000000 space 32768K,   0% used [0x000000071a000000, 0x000000071c000000)
AC   0  F    TS    17 PTAMS 0x000000071c000000 NTAMS 0x000000071c000000 space 32768K,   0% used [0x000000071c000000, 0x000000071e000000)
AC   0  F    TS    17 PTAMS 0x000000071e000000 NTAMS 0x000000071e000000 space 32768K,   0% used [0x000000071e000000, 0x0000000720000000)
AC   0  F    TS    17 PTAMS 0x0000000720000000 NTAMS 0x0000000720000000 space 32768K,   0% used [0x0000000720000000, 0x0000000722000000)
AC   0  F    TS    19 PTAMS 0x0000000722000000 NTAMS 0x0000000722000000 space 32768K,   0% used [0x0000000722000000, 0x0000000724000000)
AC   0  F    TS    19 PTAMS 0x0000000724000000 NTAMS 0x0000000724000000 space 32768K,   0% used [0x0000000724000000, 0x0000000726000000)
AC   0  F    TS    19 PTAMS 0x0000000726000000 NTAMS 0x0000000726000000 space 32768K,   0% used [0x0000000726000000, 0x0000000728000000)
AC   0  F    TS    19 PTAMS 0x0000000728000000 NTAMS 0x0000000728000000 space 32768K,   0% used [0x0000000728000000, 0x000000072a000000)
AC   0  F    TS    19 PTAMS 0x000000072a000000 NTAMS 0x000000072a000000 space 32768K,   0% used [0x000000072a000000, 0x000000072c000000)
AC   0  F    TS    19 PTAMS 0x000000072c000000 NTAMS 0x000000072c000000 space 32768K,   0% used [0x000000072c000000, 0x000000072e000000)
AC   0  F    TS    19 PTAMS 0x000000072e000000 NTAMS 0x000000072e000000 space 32768K,   0% used [0x000000072e000000, 0x0000000730000000)
AC   0  F    TS    19 PTAMS 0x0000000730000000 NTAMS 0x0000000730000000 space 32768K,   0% used [0x0000000730000000, 0x0000000732000000)
AC   0  F    TS    19 PTAMS 0x0000000732000000 NTAMS 0x0000000732000000 space 32768K,   0% used [0x0000000732000000, 0x0000000734000000)
AC   0  F    TS    19 PTAMS 0x0000000734000000 NTAMS 0x0000000734000000 space 32768K,   0% used [0x0000000734000000, 0x0000000736000000)
AC   0  F    TS    19 PTAMS 0x0000000736000000 NTAMS 0x0000000736000000 space 32768K,   0% used [0x0000000736000000, 0x0000000738000000)
AC   0  F    TS    19 PTAMS 0x0000000738000000 NTAMS 0x0000000738000000 space 32768K,   0% used [0x0000000738000000, 0x000000073a000000)
AC   0  F    TS    21 PTAMS 0x000000073a000000 NTAMS 0x000000073a000000 space 32768K,   0% used [0x000000073a000000, 0x000000073c000000)
AC   0  F    TS    19 PTAMS 0x000000073c000000 NTAMS 0x000000073c000000 space 32768K,   0% used [0x000000073c000000, 0x000000073e000000)
AC   0  F    TS    19 PTAMS 0x000000073e000000 NTAMS 0x000000073e000000 space 32768K,   0% used [0x000000073e000000, 0x0000000740000000)
AC   0  F    TS    19 PTAMS 0x0000000740000000 NTAMS 0x0000000740000000 space 32768K,   0% used [0x0000000740000000, 0x0000000742000000)
AC   0  F    TS    21 PTAMS 0x0000000742000000 NTAMS 0x0000000742000000 space 32768K,   0% used [0x0000000742000000, 0x0000000744000000)
AC   0  F    TS    21 PTAMS 0x0000000744000000 NTAMS 0x0000000744000000 space 32768K,   0% used [0x0000000744000000, 0x0000000746000000)
AC   0  F    TS    21 PTAMS 0x0000000746000000 NTAMS 0x0000000746000000 space 32768K,   0% used [0x0000000746000000, 0x0000000748000000)
AC   0  F    TS    21 PTAMS 0x0000000748000000 NTAMS 0x0000000748000000 space 32768K,   0% used [0x0000000748000000, 0x000000074a000000)
AC   0  F    TS    21 PTAMS 0x000000074a000000 NTAMS 0x000000074a000000 space 32768K,   0% used [0x000000074a000000, 0x000000074c000000)
AC   0  F    TS    21 PTAMS 0x000000074c000000 NTAMS 0x000000074c000000 space 32768K,   0% used [0x000000074c000000, 0x000000074e000000)
AC   0  F    TS    21 PTAMS 0x000000074e000000 NTAMS 0x000000074e000000 space 32768K,   0% used [0x000000074e000000, 0x0000000750000000)
AC   0  F    TS    21 PTAMS 0x0000000750000000 NTAMS 0x0000000750000000 space 32768K,   0% used [0x0000000750000000, 0x0000000752000000)
AC   0  F    TS    21 PTAMS 0x0000000752000000 NTAMS 0x0000000752000000 space 32768K,   0% used [0x0000000752000000, 0x0000000754000000)
AC   0  F    TS    23 PTAMS 0x0000000754000000 NTAMS 0x0000000754000000 space 32768K,   0% used [0x0000000754000000, 0x0000000756000000)
AC   0  F    TS    21 PTAMS 0x0000000756000000 NTAMS 0x0000000756000000 space 32768K,   0% used [0x0000000756000000, 0x0000000758000000)
AC   0  F    TS    21 PTAMS 0x0000000758000000 NTAMS 0x0000000758000000 space 32768K,   0% used [0x0000000758000000, 0x000000075a000000)
AC   0  F    TS    21 PTAMS 0x000000075a000000 NTAMS 0x000000075a000000 space 32768K,   0% used [0x000000075a000000, 0x000000075c000000)
AC   0  F    TS    23 PTAMS 0x000000075c000000 NTAMS 0x000000075c000000 space 32768K,   0% used [0x000000075c000000, 0x000000075e000000)
AC   0  F    TS    23 PTAMS 0x000000075e000000 NTAMS 0x000000075e000000 space 32768K,   0% used [0x000000075e000000, 0x0000000760000000)
AC   0  F    TS    23 PTAMS 0x0000000760000000 NTAMS 0x0000000760000000 space 32768K,   0% used [0x0000000760000000, 0x0000000762000000)
AC   0  F    TS    23 PTAMS 0x0000000762000000 NTAMS 0x0000000762000000 space 32768K,   0% used [0x0000000762000000, 0x0000000764000000)
AC   0  F    TS    23 PTAMS 0x0000000764000000 NTAMS 0x0000000764000000 space 32768K,   0% used [0x0000000764000000, 0x0000000766000000)
AC   0  F    TS    23 PTAMS 0x0000000766000000 NTAMS 0x0000000766000000 space 32768K,   0% used [0x0000000766000000, 0x0000000768000000)
AC   0  F    TS    25 PTAMS 0x0000000768000000 NTAMS 0x0000000768000000 space 32768K,   0% used [0x0000000768000000, 0x000000076a000000)
AC   0  F    TS    23 PTAMS 0x000000076a000000 NTAMS 0x000000076a000000 space 32768K,   0% used [0x000000076a000000, 0x000000076c000000)
AC   0  F    TS    23 PTAMS 0x000000076c000000 NTAMS 0x000000076c000000 space 32768K,   0% used [0x000000076c000000, 0x000000076e000000)
AC   0  F    TS    23 PTAMS 0x000000076e000000 NTAMS 0x000000076e000000 space 32768K,   0% used [0x000000076e000000, 0x0000000770000000)
AC   0  F    TS    25 PTAMS 0x0000000770000000 NTAMS 0x0000000770000000 space 32768K,   0% used [0x0000000770000000, 0x0000000772000000)
AC   0  F    TS    25 PTAMS 0x0000000772000000 NTAMS 0x0000000772000000 space 32768K,   0% used [0x0000000772000000, 0x0000000774000000)
AC   0  F    TS    25 PTAMS 0x0000000774000000 NTAMS 0x0000000774000000 space 32768K,   0% used [0x0000000774000000, 0x0000000776000000)
AC   0  F    TS    25 PTAMS 0x0000000776000000 NTAMS 0x0000000776000000 space 32768K,   0% used [0x0000000776000000, 0x0000000778000000)
AC   0  S CS TS    27 PTAMS 0x0000000778000000 NTAMS 0x0000000778000000 space 32768K,  93% used [0x0000000778000000, 0x000000077a000000)
AC   0  F    TS    25 PTAMS 0x000000077a000000 NTAMS 0x000000077a000000 space 32768K,   0% used [0x000000077a000000, 0x000000077c000000)
AC   0  F    TS    25 PTAMS 0x000000077c000000 NTAMS 0x000000077c000000 space 32768K,   0% used [0x000000077c000000, 0x000000077e000000)
AC   0  F    TS    25 PTAMS 0x000000077e000000 NTAMS 0x000000077e000000 space 32768K,   0% used [0x000000077e000000, 0x0000000780000000)

Card table byte_map: [0x0000023421070000,0x0000023423070000] byte_map_base: 0x000002341f270000

Marking Bits (Prev, Next): (CMBitMap*) 0x000002340bfd4688, (CMBitMap*) 0x000002340bfd46e0
 Prev Bits: [0x0000023425070000, 0x0000023435070000)
 Next Bits: [0x0000023435070000, 0x0000023445070000)

Polling page: 0x000002340c070000

CodeCache: size=245760Kb used=19638Kb max_used=19917Kb free=226121Kb
 bounds [0x000002340d870000, 0x000002340ec10000, 0x000002341c870000]
 total_blobs=6031 nmethods=5187 adapters=755
 compilation: enabled

Compilation events (10 events):
Event: 21.483 Thread 0x000002344936d000 7084       4       com.google.common.collect.StandardTable::cellIterator (10 bytes)
Event: 21.483 Thread 0x0000023449360800 7085       4       com.google.common.collect.StandardTable$CellIterator::<init> (38 bytes)
Event: 21.483 Thread 0x000002344936d000 nmethod 7084 0x000002340da02e10 code [0x000002340da02f60, 0x000002340da03068]
Event: 21.488 Thread 0x0000023449360800 nmethod 7085 0x000002340df15e90 code [0x000002340df16000, 0x000002340df168f8]
Event: 21.637 Thread 0x000002344936d000 7086       4       net.minecraft.util.ResourceLocation::hashCode (19 bytes)
Event: 21.640 Thread 0x000002344936d000 nmethod 7086 0x000002340daf3410 code [0x000002340daf3560, 0x000002340daf3838]
Event: 21.836 Thread 0x0000023449360800 7087       4       com.google.common.collect.ImmutableMap$Builder::build (148 bytes)
Event: 21.838 Thread 0x0000023449360800 nmethod 7087 0x000002340d9be790 code [0x000002340d9be900, 0x000002340d9becf8]
Event: 21.917 Thread 0x000002344936d000 7088       4       org.lwjgl.opengl.GL11::glTranslatef (24 bytes)
Event: 21.918 Thread 0x000002344936d000 nmethod 7088 0x000002340d9f7a90 code [0x000002340d9f7be0, 0x000002340d9f7d38]

GC Heap History (10 events):
Event: 21.206 GC heap after
Heap after GC invocations=91 (full 0):
 garbage-first heap   total 14188544K, used 518329K [0x00000003c0000000, 0x00000003c2000d88, 0x00000007c0000000)
  region size 32768K, 1 young (32768K), 1 survivors (32768K)
 Metaspace       used 61118K, capacity 61719K, committed 62336K, reserved 1101824K
  class space    used 8814K, capacity 9008K, committed 9088K, reserved 1048576K
}
Event: 21.353 GC heap before
{Heap before GC invocations=91 (full 0):
 garbage-first heap   total 14188544K, used 616633K [0x00000003c0000000, 0x00000003c2000d88, 0x00000007c0000000)
  region size 32768K, 4 young (131072K), 1 survivors (32768K)
 Metaspace       used 61118K, capacity 61719K, committed 62336K, reserved 1101824K
  class space    used 8814K, capacity 9008K, committed 9088K, reserved 1048576K
Event: 21.381 GC heap after
Heap after GC invocations=92 (full 0):
 garbage-first heap   total 14712832K, used 531055K [0x00000003c0000000, 0x00000003c2000e08, 0x00000007c0000000)
  region size 32768K, 1 young (32768K), 1 survivors (32768K)
 Metaspace       used 61118K, capacity 61719K, committed 62336K, reserved 1101824K
  class space    used 8814K, capacity 9008K, committed 9088K, reserved 1048576K
}
Event: 21.525 GC heap before
{Heap before GC invocations=92 (full 0):
 garbage-first heap   total 14712832K, used 629359K [0x00000003c0000000, 0x00000003c2000e08, 0x00000007c0000000)
  region size 32768K, 4 young (131072K), 1 survivors (32768K)
 Metaspace       used 61118K, capacity 61719K, committed 62336K, reserved 1101824K
  class space    used 8814K, capacity 9008K, committed 9088K, reserved 1048576K
Event: 21.551 GC heap after
Heap after GC invocations=93 (full 0):
 garbage-first heap   total 15138816K, used 548338K [0x00000003c0000000, 0x00000003c2000e70, 0x00000007c0000000)
  region size 32768K, 1 young (32768K), 1 survivors (32768K)
 Metaspace       used 61118K, capacity 61719K, committed 62336K, reserved 1101824K
  class space    used 8814K, capacity 9008K, committed 9088K, reserved 1048576K
}
Event: 21.698 GC heap before
{Heap before GC invocations=93 (full 0):
 garbage-first heap   total 15138816K, used 646642K [0x00000003c0000000, 0x00000003c2000e70, 0x00000007c0000000)
  region size 32768K, 4 young (131072K), 1 survivors (32768K)
 Metaspace       used 61118K, capacity 61719K, committed 62336K, reserved 1101824K
  class space    used 8814K, capacity 9008K, committed 9088K, reserved 1048576K
Event: 21.725 GC heap after
Heap after GC invocations=94 (full 0):
 garbage-first heap   total 15466496K, used 559098K [0x00000003c0000000, 0x00000003c2000ec0, 0x00000007c0000000)
  region size 32768K, 1 young (32768K), 1 survivors (32768K)
 Metaspace       used 61118K, capacity 61719K, committed 62336K, reserved 1101824K
  class space    used 8814K, capacity 9008K, committed 9088K, reserved 1048576K
}
Event: 21.870 GC heap before
{Heap before GC invocations=94 (full 0):
 garbage-first heap   total 15466496K, used 657402K [0x00000003c0000000, 0x00000003c2000ec0, 0x00000007c0000000)
  region size 32768K, 4 young (131072K), 1 survivors (32768K)
 Metaspace       used 61118K, capacity 61719K, committed 62336K, reserved 1101824K
  class space    used 8814K, capacity 9008K, committed 9088K, reserved 1048576K
Event: 21.900 GC heap after
Heap after GC invocations=95 (full 0):
 garbage-first heap   total 15728640K, used 573843K [0x00000003c0000000, 0x00000003c2000f00, 0x00000007c0000000)
  region size 32768K, 1 young (32768K), 1 survivors (32768K)
 Metaspace       used 61118K, capacity 61719K, committed 62336K, reserved 1101824K
  class space    used 8814K, capacity 9008K, committed 9088K, reserved 1048576K
}
Event: 22.045 GC heap before
{Heap before GC invocations=95 (full 0):
 garbage-first heap   total 15728640K, used 672147K [0x00000003c0000000, 0x00000003c2000f00, 0x00000007c0000000)
  region size 32768K, 4 young (131072K), 1 survivors (32768K)
 Metaspace       used 61118K, capacity 61719K, committed 62336K, reserved 1101824K
  class space    used 8814K, capacity 9008K, committed 9088K, reserved 1048576K

Deoptimization events (10 events):
Event: 18.191 Thread 0x000002340bf24000 Uncommon trap: reason=null_check action=make_not_entrant pc=0x000002340ebf13d8 method=java.util.jar.JarVerifier.getCodeSigners(Ljava/lang/String;)[Ljava/security/CodeSigner; @ 8
Event: 18.311 Thread 0x000002340bf24000 Uncommon trap: reason=null_check action=make_not_entrant pc=0x000002340eb12f84 method=java.util.jar.JarVerifier.getCodeSigners(Ljava/lang/String;)[Ljava/security/CodeSigner; @ 8
Event: 18.397 Thread 0x00000234502a0800 Uncommon trap: reason=unstable_if action=reinterpret pc=0x000002340db78e88 method=java.lang.String.indexOf([CII[CIII)I @ 27
Event: 19.198 Thread 0x000002340bf24000 Uncommon trap: reason=bimorphic action=maybe_recompile pc=0x000002340e8d0144 method=net.minecraft.block.state.BlockStateContainer$StateImplementation.func_177235_a(Ljava/util/Map;)V @ 65
Event: 19.198 Thread 0x000002340bf24000 Uncommon trap: reason=bimorphic action=maybe_recompile pc=0x000002340e8d0144 method=net.minecraft.block.state.BlockStateContainer$StateImplementation.func_177235_a(Ljava/util/Map;)V @ 65
Event: 19.198 Thread 0x000002340bf24000 Uncommon trap: reason=bimorphic action=maybe_recompile pc=0x000002340e8d0144 method=net.minecraft.block.state.BlockStateContainer$StateImplementation.func_177235_a(Ljava/util/Map;)V @ 65
Event: 19.199 Thread 0x000002340bf24000 Uncommon trap: reason=bimorphic action=maybe_recompile pc=0x000002340e8d0144 method=net.minecraft.block.state.BlockStateContainer$StateImplementation.func_177235_a(Ljava/util/Map;)V @ 65
Event: 20.284 Thread 0x000002345029b800 Uncommon trap: reason=class_check action=maybe_recompile pc=0x000002340e611554 method=java.util.SubList.<init>(Ljava/util/AbstractList;II)V @ 37
Event: 20.284 Thread 0x000002345029b800 Uncommon trap: reason=class_check action=maybe_recompile pc=0x000002340e611554 method=java.util.SubList.<init>(Ljava/util/AbstractList;II)V @ 37
Event: 20.284 Thread 0x000002345029b800 Uncommon trap: reason=class_check action=maybe_recompile pc=0x000002340e611554 method=java.util.SubList.<init>(Ljava/util/AbstractList;II)V @ 37

Classes redefined (0 events):
No events

Internal exceptions (10 events):
Event: 15.311 Thread 0x000002340bf24000 Exception <a 'java/security/PrivilegedActionException'> (0x00000003dadf7a10) thrown at [C:\jenkins\workspace\8-2-build-windows-amd64-cygwin\jdk8u281\880\hotspot\src\share\vm\prims\jvm.cpp, line 1512]
Event: 15.311 Thread 0x000002340bf24000 Exception <a 'java/security/PrivilegedActionException'> (0x00000003dadf9228) thrown at [C:\jenkins\workspace\8-2-build-windows-amd64-cygwin\jdk8u281\880\hotspot\src\share\vm\prims\jvm.cpp, line 1512]
Event: 15.311 Thread 0x000002340bf24000 Exception <a 'java/security/PrivilegedActionException'> (0x00000003dadf9620) thrown at [C:\jenkins\workspace\8-2-build-windows-amd64-cygwin\jdk8u281\880\hotspot\src\share\vm\prims\jvm.cpp, line 1512]
Event: 16.228 Thread 0x000002340bf24000 Exception <a 'java/io/IOException'> (0x00000003d8cfbc90) thrown at [C:\jenkins\workspace\8-2-build-windows-amd64-cygwin\jdk8u281\880\hotspot\src\share\vm\prims\jni.cpp, line 710]
Event: 16.628 Thread 0x00000234502a0800 Implicit null exception at 0x000002340e85dcdc to 0x000002340e85e4a9
Event: 16.630 Thread 0x00000234502a0800 Implicit null exception at 0x000002340dc226ef to 0x000002340dc22e79
Event: 17.343 Thread 0x00000234502a0800 Implicit null exception at 0x000002340db653de to 0x000002340db65509
Event: 17.343 Thread 0x00000234502a0800 Implicit null exception at 0x000002340dc2b980 to 0x000002340dc2bc09
Event: 18.191 Thread 0x000002340bf24000 Implicit null exception at 0x000002340ebeb763 to 0x000002340ebf1399
Event: 18.311 Thread 0x000002340bf24000 Implicit null exception at 0x000002340eb0c0f3 to 0x000002340eb12f42

Events (10 events):
Event: 21.725 Executing VM operation: G1IncCollectionPause done
Event: 21.838 Thread 0x0000023449360800 flushing nmethod 0x000002340dc973d0
Event: 21.838 Thread 0x0000023449360800 flushing nmethod 0x000002340dce4650
Event: 21.870 Executing VM operation: G1IncCollectionPause
Event: 21.900 Executing VM operation: G1IncCollectionPause done
Event: 21.918 Thread 0x000002344936d000 flushing nmethod 0x000002340ddb9490
Event: 21.918 Thread 0x000002344936d000 flushing nmethod 0x000002340ddeb3d0
Event: 21.918 Thread 0x000002344936d000 flushing nmethod 0x000002340ddf8590
Event: 21.918 Thread 0x000002344936d000 flushing nmethod 0x000002340de07f50
Event: 22.044 Executing VM operation: G1IncCollectionPause


Dynamic libraries:
0x00007ff65c5f0000 - 0x00007ff65c637000 	C:\Program Files\Java\jre1.8.0_281\bin\javaw.exe
0x00007ffbbe170000 - 0x00007ffbbe366000 	C:\Windows\SYSTEM32\ntdll.dll
0x00007ffbbc430000 - 0x00007ffbbc4ed000 	C:\Windows\System32\KERNEL32.DLL
0x00007ffbbbb10000 - 0x00007ffbbbdd9000 	C:\Windows\System32\KERNELBASE.dll
0x00007ffbbc560000 - 0x00007ffbbc60c000 	C:\Windows\System32\ADVAPI32.dll
0x00007ffbbc1a0000 - 0x00007ffbbc23e000 	C:\Windows\System32\msvcrt.dll
0x00007ffbbd820000 - 0x00007ffbbd8bc000 	C:\Windows\System32\sechost.dll
0x00007ffbbcbe0000 - 0x00007ffbbcd0b000 	C:\Windows\System32\RPCRT4.dll
0x00007ffbbdf30000 - 0x00007ffbbe0d0000 	C:\Windows\System32\USER32.dll
0x00007ffbbba40000 - 0x00007ffbbba62000 	C:\Windows\System32\win32u.dll
0x00007ffbbe0d0000 - 0x00007ffbbe0fa000 	C:\Windows\System32\GDI32.dll
0x00007ffbbb930000 - 0x00007ffbbba3b000 	C:\Windows\System32\gdi32full.dll
0x00007ffbbba70000 - 0x00007ffbbbb0d000 	C:\Windows\System32\msvcp_win.dll
0x00007ffbbbff0000 - 0x00007ffbbc0f0000 	C:\Windows\System32\ucrtbase.dll
0x00007ffba4f10000 - 0x00007ffba51ab000 	C:\Windows\WinSxS\amd64_microsoft.windows.common-controls_6595b64144ccf1df_6.0.19041.746_none_ca02b4b61b8320a4\COMCTL32.dll
0x00007ffbbc400000 - 0x00007ffbbc430000 	C:\Windows\System32\IMM32.DLL
0x00007ffb93cf0000 - 0x00007ffb93d05000 	C:\Program Files\Java\jre1.8.0_281\bin\vcruntime140.dll
0x00007ffb3ed00000 - 0x00007ffb3ed9b000 	C:\Program Files\Java\jre1.8.0_281\bin\msvcp140.dll
0x00000000618f0000 - 0x000000006214f000 	C:\Program Files\Java\jre1.8.0_281\bin\server\jvm.dll
0x00007ffbbc9f0000 - 0x00007ffbbc9f8000 	C:\Windows\System32\PSAPI.DLL
0x00007ffbb5720000 - 0x00007ffbb572a000 	C:\Windows\SYSTEM32\VERSION.dll
0x00007ffbb6c60000 - 0x00007ffbb6c69000 	C:\Windows\SYSTEM32\WSOCK32.dll
0x00007ffbb0ca0000 - 0x00007ffbb0cc7000 	C:\Windows\SYSTEM32\WINMM.dll
0x00007ffbbc4f0000 - 0x00007ffbbc55b000 	C:\Windows\System32\WS2_32.dll
0x00007ffbb97f0000 - 0x00007ffbb9802000 	C:\Windows\SYSTEM32\kernel.appcore.dll
0x00007ffb9f550000 - 0x00007ffb9f560000 	C:\Program Files\Java\jre1.8.0_281\bin\verify.dll
0x00007ffb5f8e0000 - 0x00007ffb5f90b000 	C:\Program Files\Java\jre1.8.0_281\bin\java.dll
0x00007ffb93bb0000 - 0x00007ffb93bc8000 	C:\Program Files\Java\jre1.8.0_281\bin\zip.dll
0x00007ffbbd0d0000 - 0x00007ffbbd812000 	C:\Windows\System32\SHELL32.dll
0x00007ffbb99f0000 - 0x00007ffbba180000 	C:\Windows\SYSTEM32\windows.storage.dll
0x00007ffbbcd70000 - 0x00007ffbbd0c6000 	C:\Windows\System32\combase.dll
0x00007ffbbb2e0000 - 0x00007ffbbb30c000 	C:\Windows\SYSTEM32\Wldp.dll
0x00007ffbbc240000 - 0x00007ffbbc2ee000 	C:\Windows\System32\SHCORE.dll
0x00007ffbbd8c0000 - 0x00007ffbbd915000 	C:\Windows\System32\shlwapi.dll
0x00007ffbbb7b0000 - 0x00007ffbbb7d6000 	C:\Windows\SYSTEM32\profapi.dll
0x00007ffb9da20000 - 0x00007ffb9da2d000 	C:\Program Files\Java\jre1.8.0_281\bin\management.dll
0x00007ffb92410000 - 0x00007ffb9242c000 	C:\Program Files\Java\jre1.8.0_281\bin\net.dll
0x00007ffbbb060000 - 0x00007ffbbb0ca000 	C:\Windows\system32\mswsock.dll
0x00007ffb9d130000 - 0x00007ffb9d147000 	C:\Windows\system32\napinsp.dll
0x00007ffb9d110000 - 0x00007ffb9d12b000 	C:\Windows\system32\pnrpnsp.dll
0x00007ffb9d0f0000 - 0x00007ffb9d105000 	C:\Windows\system32\wshbth.dll
0x00007ffbb72d0000 - 0x00007ffbb72ed000 	C:\Windows\system32\NLAapi.dll
0x00007ffbbad00000 - 0x00007ffbbad3b000 	C:\Windows\SYSTEM32\IPHLPAPI.DLL
0x00007ffbbad40000 - 0x00007ffbbae0b000 	C:\Windows\SYSTEM32\DNSAPI.dll
0x00007ffbbcb00000 - 0x00007ffbbcb08000 	C:\Windows\System32\NSI.dll
0x00007ffb9d0d0000 - 0x00007ffb9d0e2000 	C:\Windows\System32\winrnr.dll
0x00007ffbb1610000 - 0x00007ffbb168f000 	C:\Windows\System32\fwpuclnt.dll
0x00007ffbbc170000 - 0x00007ffbbc197000 	C:\Windows\System32\bcrypt.dll
0x00007ffbafe70000 - 0x00007ffbafe7a000 	C:\Windows\System32\rasadhlp.dll
0x00007ffb92120000 - 0x00007ffb92133000 	C:\Program Files\Java\jre1.8.0_281\bin\nio.dll
0x00007ffbb7440000 - 0x00007ffbb7458000 	C:\Program Files\Java\jre1.8.0_281\bin\unpack.dll
0x0000000180000000 - 0x0000000180053000 	E:\programing\MinecraftLauncher2\minecraft\versions\Forge 1.12.2\natives\lwjgl64.dll
0x00007ffb81390000 - 0x00007ffb814b5000 	C:\Windows\SYSTEM32\OPENGL32.dll
0x00007ffb81360000 - 0x00007ffb8138c000 	C:\Windows\SYSTEM32\GLU32.dll
0x00007ffbbb230000 - 0x00007ffbbb248000 	C:\Windows\SYSTEM32\CRYPTSP.dll
0x00007ffbba990000 - 0x00007ffbba9c4000 	C:\Windows\system32\rsaenh.dll
0x00007ffbbb730000 - 0x00007ffbbb75e000 	C:\Windows\SYSTEM32\USERENV.dll
0x00007ffbbc0f0000 - 0x00007ffbbc170000 	C:\Windows\System32\bcryptprimitives.dll
0x00007ffbbb250000 - 0x00007ffbbb25c000 	C:\Windows\SYSTEM32\CRYPTBASE.dll
0x00007ffb3eb60000 - 0x00007ffb3ecf5000 	C:\Program Files\Java\jre1.8.0_281\bin\awt.dll
0x00007ffbbcb10000 - 0x00007ffbbcbdd000 	C:\Windows\System32\OLEAUT32.dll
0x00007ffbb9230000 - 0x00007ffbb92c0000 	C:\Windows\SYSTEM32\apphelp.dll
0x00007ffbb4430000 - 0x00007ffbb44de000 	C:\Windows\SYSTEM32\mscms.dll
0x00007ffbb4410000 - 0x00007ffbb4421000 	C:\Windows\SYSTEM32\ColorAdapterClient.dll
0x00007ffbb9330000 - 0x00007ffbb93ce000 	C:\Windows\system32\uxtheme.dll
0x00007ffbbde10000 - 0x00007ffbbdf25000 	C:\Windows\System32\MSCTF.dll
0x00007ffbb1300000 - 0x00007ffbb13fb000 	C:\Windows\SYSTEM32\textinputframework.dll
0x00007ffbb8ed0000 - 0x00007ffbb8fc2000 	C:\Windows\System32\CoreMessaging.dll
0x00007ffbb8b70000 - 0x00007ffbb8ece000 	C:\Windows\System32\CoreUIComponents.dll
0x00007ffbba5c0000 - 0x00007ffbba5f3000 	C:\Windows\SYSTEM32\ntmarta.dll
0x00007ffbb8460000 - 0x00007ffbb85b4000 	C:\Windows\SYSTEM32\wintypes.dll
0x00007ffbbc610000 - 0x00007ffbbc73a000 	C:\Windows\System32\ole32.dll
0x00007ffbbc2f0000 - 0x00007ffbbc399000 	C:\Windows\System32\clbcatq.dll
0x00007ffb4bf60000 - 0x00007ffb4e8e9000 	C:\Windows\System32\DriverStore\FileRepository\nv_dispi.inf_amd64_a51067c0ac557884\nvoglv64.dll
0x00007ffbbd920000 - 0x00007ffbbdd87000 	C:\Windows\System32\SETUPAPI.dll
0x00007ffbbb8e0000 - 0x00007ffbbb92e000 	C:\Windows\System32\cfgmgr32.dll
0x00007ffbb7630000 - 0x00007ffbb7644000 	C:\Windows\SYSTEM32\WTSAPI32.dll
0x00007ffbbb460000 - 0x00007ffbbb472000 	C:\Windows\SYSTEM32\msasn1.dll
0x00007ffbb56e0000 - 0x00007ffbb5711000 	C:\Windows\SYSTEM32\cryptnet.dll
0x00007ffbbbe90000 - 0x00007ffbbbfe6000 	C:\Windows\System32\CRYPT32.dll
0x00007ffbbb620000 - 0x00007ffbbb64c000 	C:\Windows\System32\DEVOBJ.dll
0x00007ffbbb880000 - 0x00007ffbbb8e0000 	C:\Windows\System32\WINTRUST.dll
0x00007ffbb1690000 - 0x00007ffbb16cb000 	C:\Windows\SYSTEM32\dxcore.dll
0x00007ffb8cf50000 - 0x00007ffb8d209000 	C:\Windows\system32\nvspcap64.dll
0x00007ffbb9500000 - 0x00007ffbb952f000 	C:\Windows\SYSTEM32\dwmapi.dll
0x00007ffb8c3e0000 - 0x00007ffb8c423000 	C:\Windows\SYSTEM32\icm32.dll
0x00007ffbbae10000 - 0x00007ffbbae5b000 	C:\Windows\SYSTEM32\powrprof.dll
0x00007ffbbace0000 - 0x00007ffbbacf2000 	C:\Windows\SYSTEM32\UMPDC.dll
0x00007ffbba670000 - 0x00007ffbba6ca000 	C:\Windows\SYSTEM32\WINSTA.dll
0x00007ffb5e370000 - 0x00007ffb5e3b2000 	E:\Users\ersho\AppData\Local\Temp\jna-96785645\jna278298620235106136.dll
0x00007ffb5eed0000 - 0x00007ffb5eef4000 	C:\Program Files\Java\jre1.8.0_281\bin\sunec.dll
0x00007ffbb5640000 - 0x00007ffbb5657000 	C:\Windows\SYSTEM32\dhcpcsvc6.DLL
0x00007ffbb5870000 - 0x00007ffbb588d000 	C:\Windows\SYSTEM32\dhcpcsvc.DLL
0x00007ffb9c020000 - 0x00007ffb9c02d000 	C:\Program Files\Java\jre1.8.0_281\bin\sunmscapi.dll
0x00007ffbbb350000 - 0x00007ffbbb377000 	C:\Windows\SYSTEM32\ncrypt.dll
0x00007ffbbb310000 - 0x00007ffbbb34b000 	C:\Windows\SYSTEM32\NTASN1.dll
0x00007ffba4c70000 - 0x00007ffba4e54000 	C:\Windows\SYSTEM32\dbghelp.dll

VM Arguments:
jvm_args: -Djava.net.preferIPv4Stack=true -Dos.name=Windows 10 -Dos.version=10.0 -Xmn128M -Xmx14342M -Djava.library.path=E:\programing\MinecraftLauncher2\minecraft\versions\Forge 1.12.2\natives -Dminecraft.applet.TargetDirectory=E:\programing\MinecraftLauncher2\minecraft -XX:+UnlockExperimentalVMOptions -XX:+UseG1GC -XX:G1NewSizePercent=20 -XX:G1ReservePercent=20 -XX:MaxGCPauseMillis=50 -XX:G1HeapRegionSize=32M -Dfml.ignoreInvalidMinecraftCertificates=true -Dfml.ignorePatchDiscrepancies=true -Xmx16G 
java_command: net.minecraft.launchwrapper.Launch --username ershovdan --version Forge 1.12.2 --gameDir E:\programing\MinecraftLauncher2\minecraft --assetsDir E:\programing\MinecraftLauncher2\minecraft\assets --assetIndex 1.12 --uuid 00000000-0000-0000-0000-000000000000 --accessToken null --userType legacy --tweakClass net.minecraftforge.fml.common.launcher.FMLTweaker --versionType Forge --width 925 --height 530 --server:109.167.161.220 --port 25565
java_class_path (initial): E:\programing\MinecraftLauncher2\minecraft\libraries\net\minecraftforge\forge\1.12.2-14.23.5.2855\forge-1.12.2-14.23.5.2855.jar;E:\programing\MinecraftLauncher2\minecraft\libraries\org\ow2\asm\asm-debug-all\5.2\asm-debug-all-5.2.jar;E:\programing\MinecraftLauncher2\minecraft\libraries\net\minecraft\launchwrapper\1.12\launchwrapper-1.12.jar;E:\programing\MinecraftLauncher2\minecraft\libraries\org\jline\jline\3.5.1\jline-3.5.1.jar;E:\programing\MinecraftLauncher2\minecraft\libraries\com\typesafe\akka\akka-actor_2.11\2.3.3\akka-actor_2.11-2.3.3.jar;E:\programing\MinecraftLauncher2\minecraft\libraries\com\typesafe\config\1.2.1\config-1.2.1.jar;E:\programing\MinecraftLauncher2\minecraft\libraries\org\scala-lang\scala-actors-migration_2.11\1.1.0\scala-actors-migration_2.11-1.1.0.jar;E:\programing\MinecraftLauncher2\minecraft\libraries\org\scala-lang\scala-compiler\2.11.1\scala-compiler-2.11.1.jar;E:\programing\MinecraftLauncher2\minecraft\libraries\org\scala-lang\plugins\scala-continuations-library_2.11\1.0.2_mc\scala-continuations-library_2.11-1.0.2_mc.jar;E:\programing\MinecraftLauncher2\minecraft\libraries\org\scala-lang\plugins\scala-continuations-plugin_2.11.1\1.0.2_mc\scala-continuations-plugin_2.11.1-1.0.2_mc.jar;E:\programing\MinecraftLauncher2\minecraft\libraries\org\scala-lang\scala-library\2.11.1\scala-library-2.11.1.jar;E:\programing\MinecraftLauncher2\minecraft\libraries\org\scala-lang\scala-parser-combinators_2.11\1.0.1\scala-parser-combinators_2.11-1.0.1.jar;E:\programing\MinecraftLauncher2\minecraft\libraries\org\scala-lang\scala-reflect\2.11.1\scala-reflect-2.11.1.jar;E:\programing\MinecraftLauncher2\minecraft\libraries\org\scala-lang\scala-swing_2.11\1.0.1\scala-swing_2.11-1.0.1.jar;E:\programing\MinecraftLauncher2\minecraft\libraries\org\scala-lang\scala-xml_2.11\1.0.2\scala-xml_2.11-1.0.2.jar;E:\programing\MinecraftLauncher2\minecraft\libraries\lzma\lzma\0.0.1\lzma-0.0.1.jar;E:\programing\MinecraftLauncher2\minecraft\librar
Launcher Type: SUN_STANDARD

Environment Variables:
PATH=E:\programing\MinecraftLauncher\venv\Scripts;C:\Program Files (x86)\Common Files\Oracle\Java\javapath;C:\ProgramData\Oracle\Java\javapath;C:\Program Files (x86)\Razer Chroma SDK\bin;C:\Program Files\Razer Chroma SDK\bin;C:\Program Files (x86)\Razer\ChromaBroadcast\bin;C:\Program Files\Razer\ChromaBroadcast\bin;C:\Windows\system32;C:\Windows;C:\Windows\System32\Wbem;C:\Windows\System32\WindowsPowerShell\v1.0\;C:\Windows\System32\OpenSSH\;C:\Program Files (x86)\NVIDIA Corporation\PhysX\Common;C:\Program Files\NVIDIA Corporation\NVIDIA NvDLISR;E:\Users\ersho\AppData\Local\Microsoft\WindowsApps;E:\programing\PuTTY\;C:\Program Files\Microsoft SQL Server\110\Tools\Binn\;E:\Users\ersho\AppData\Local\Programs\Python\Python39\Scripts\;E:\Users\ersho\AppData\Local\Programs\Python\Python39\;E:\Users\ersho\AppData\Local\Microsoft\WindowsApps;C:\gstreamer-ivao\bin;C:\gstreamer-ivao\x86\bin;C:\Program Files\Java\jre1.8.0_281\bin
USERNAME=ersho
OS=Windows_NT
PROCESSOR_IDENTIFIER=Intel64 Family 6 Model 158 Stepping 9, GenuineIntel



---------------  S Y S T E M  ---------------

OS: Windows 10.0 , 64 bit Build 19041 (10.0.19041.804)

CPU:total 4 (initial active 4) (4 cores per cpu, 1 threads per core) family 6 model 158 stepping 9, cmov, cx8, fxsr, mmx, sse, sse2, sse3, ssse3, sse4.1, sse4.2, popcnt, avx, avx2, aes, clmul, erms, rtm, 3dnowpref, lzcnt, tsc, tscinvbit, bmi1, bmi2, adx

Memory: 4k page, physical 16735260k(5374712k free), swap 31386392k(90348k free)

vm_info: Java HotSpot(TM) 64-Bit Server VM (25.281-b09) for windows-amd64 JRE (1.8.0_281-b09), built on Dec  9 2020 13:54:07 by "" with MS VC++ 15.9 (VS2017)

time: Sun Feb 21 12:26:59 2021
timezone: RTZ 2 ()
elapsed time: 22.122589 seconds (0d 0h 0m 22s)

